This is pdfTeX, Version 3.14159265-2.6-1.40.20 (TeX Live 2019/Debian) (preloaded format=latex 2021.11.17)  19 JAN 2022 08:02
entering extended mode
 restricted \write18 enabled.
 %&-line parsing enabled.
**\@ifpackageloaded{babel}{<true>}{<false>}

! Emergency stop.
<to be read again> 
                   \@m 
<*> \@
      ifpackageloaded{babel}{<true>}{<false>}
End of file on the terminal!

 
Here is how much of TeX's memory you used:
 13 strings out of 483141
 357 string characters out of 5965176
 231749 words of memory out of 5000000
 15140 multiletter control sequences out of 15000+600000
 532338 words of font info for 24 fonts, out of 8000000 for 9000
 36 hyphenation exceptions out of 8191
 11i,0n,15p,72b,8s stack positions out of 5000i,500n,10000p,200000b,80000s
No pages of output.
