This is LuaHBTeX, Version 1.17.0 (TeX Live 2023)  (format=lualatex 2023.10.22)  28 NOV 2023 23:01
 system commands enabled.
**04-17-2022_Alleluia_Resurrection.tex
(./04-17-2022_Alleluia_Resurrection.tex
LaTeX2e <2023-06-01> patch level 1
L3 programming layer <2023-10-10>
Lua module: luaotfload 2023-08-31 3.26 Lua based OpenType font support
Lua module: lualibs 2023-07-13 2.76 ConTeXt Lua standard libraries.
Lua module: lualibs-extended 2023-07-13 2.76 ConTeXt Lua libraries -- extended c
ollection.
luaotfload | conf : Root cache directory is "/home/dan/.texlive2023/texmf-var/lu
atex-cache/generic/names".
luaotfload | init : Loading fontloader "fontloader-2023-08-19.lua" from kpse-res
olved path "/usr/local/texlive/2023/texmf-dist/tex/luatex/luaotfload/fontloader-
2023-08-19.lua".
Lua-only attribute luaotfload@noligature = 1
luaotfload | init : Context OpenType loader version 3.133
Inserting `luaotfload.node_processor' in `pre_linebreak_filter'.
Inserting `luaotfload.node_processor' in `hpack_filter'.
Inserting `luaotfload.glyph_stream' in `glyph_stream_provider'.
Inserting `luaotfload.define_font' in `define_font'.
Lua-only attribute luaotfload_color_attribute = 2
luaotfload | conf : Root cache directory is "/home/dan/.texlive2023/texmf-var/lu
atex-cache/generic/names".
Inserting `luaotfload.harf.strip_prefix' in `find_opentype_file'.
Inserting `luaotfload.harf.strip_prefix' in `find_truetype_file'.
Removing  `luaotfload.glyph_stream' from `glyph_stream_provider'.
Inserting `luaotfload.harf.glyphstream' in `glyph_stream_provider'.
Inserting `luaotfload.harf.finalize_vlist' in `post_linebreak_filter'.
Inserting `luaotfload.harf.finalize_hlist' in `hpack_filter'.
Inserting `luaotfload.cleanup_files' in `wrapup_run'.
Inserting `luaotfload.harf.finalize_unicode' in `finish_pdffile'.
Inserting `luaotfload.glyphinfo' in `glyph_info'.
Lua-only attribute luaotfload.letterspace_done = 3
Inserting `luaotfload.aux.set_sscale_dimens' in `luaotfload.patch_font'.
Inserting `luaotfload.aux.set_font_index' in `luaotfload.patch_font'.
Inserting `luaotfload.aux.patch_cambria_domh' in `luaotfload.patch_font'.
Inserting `luaotfload.aux.fixup_fontdata' in `luaotfload.patch_font_unsafe'.
Inserting `luaotfload.aux.set_capheight' in `luaotfload.patch_font'.
Inserting `luaotfload.aux.set_xheight' in `luaotfload.patch_font'.
Inserting `luaotfload.rewrite_fontname' in `luaotfload.patch_font'.
Inserting `tracingstacklevels' in `input_level_string'. (../vespers-sheet.cls

LaTeX Warning: You have requested document class `../vespers-sheet',
               but the document class provides `vespers-sheet'.

Document Class: vespers-sheet 
(/usr/local/texlive/2023/texmf-dist/tex/latex/memoir/memoir.cls
Document Class: memoir 2023/08/21 v3.8.1 configurable book, report, article doc
ument class
(/usr/local/texlive/2023/texmf-dist/tex/latex/xpatch/xpatch.sty
(/usr/local/texlive/2023/texmf-dist/tex/latex/l3kernel/expl3.sty
Package: expl3 2023-10-10 L3 programming layer (loader) 

(/usr/local/texlive/2023/texmf-dist/tex/latex/l3backend/l3backend-luatex.def
File: l3backend-luatex.def 2023-10-10 L3 backend support: PDF output (LuaTeX)
\l__color_backend_stack_int=\count183
Inserting `l3color' in `luaotfload.parse_color'.
\l__pdf_internal_box=\box51
))
Package: xpatch 2020/03/25 v0.3a Extending etoolbox patching commands

(/usr/local/texlive/2023/texmf-dist/tex/latex/l3packages/xparse/xparse.sty
Package: xparse 2023-10-10 L3 Experimental document command parser
)
(/usr/local/texlive/2023/texmf-dist/tex/latex/etoolbox/etoolbox.sty
Package: etoolbox 2020/10/05 v2.5k e-TeX tools for LaTeX (JAW)
\etb@tempcnta=\count184
))
\onelineskip=\skip48
\lxvchars=\skip49
\xlvchars=\skip50
\@memcnta=\count185
\c@@memmarkcntra=\count186

(/usr/local/texlive/2023/texmf-dist/tex/generic/iftex/iftex.sty
Package: iftex 2022/02/03 v1.0f TeX engine tests
)
\stockheight=\dimen139
\stockwidth=\dimen140
\trimtop=\skip51
\trimedge=\skip52

(/usr/local/texlive/2023/texmf-dist/tex/latex/memoir/mem10.clo
File: mem10.clo 2022/07/29 v0.5 memoir class 10pt size option
luaotfload | db : Font names database not found, generating new one.
luaotfload | db : This can take several minutes; please be patient.)
\binding=\skip53
\spinemargin=\skip54
\foremargin=\skip55
\uppermargin=\skip56
\lowermargin=\skip57
\headdrop=\skip58
\normalrulethickness=\skip59
\mem@maxheadheight=\skip60
\mem@maxfootheight=\skip61
\headwidth=\skip62
\c@storedpagenumber=\count187
\memPD=\dimen141
\m@mabparskip=\skip63
\thanksmarkwidth=\skip64
\thanksmarksep=\skip65
\droptitle=\skip66
\c@book=\count188
\c@part=\count189
\c@chapter=\count190
\c@section=\count191
\c@subsection=\count192
\c@subsubsection=\count193
\c@paragraph=\count194
\c@subparagraph=\count195
\beforechapskip=\skip67
\midchapskip=\skip68
\afterchapskip=\skip69
\chapindent=\skip70
\bottomsectionskip=\skip71
\secindent=\skip72
\beforesecskip=\skip73
\aftersecskip=\skip74
\subsecindent=\skip75
\beforesubsecskip=\skip76
\aftersubsecskip=\skip77
\subsubsecindent=\skip78
\beforesubsubsecskip=\skip79
\aftersubsubsecskip=\skip80
\paraindent=\skip81
\beforeparaskip=\skip82
\afterparaskip=\skip83
\subparaindent=\skip84
\beforesubparaskip=\skip85
\aftersubparaskip=\skip86
\pfbreakskip=\skip87
\c@@ppsavesec=\count196
\c@@ppsaveapp=\count197
\ragrparindent=\dimen142
\everylistparindent=\dimen143
\parsepi=\skip88
\topsepi=\skip89
\itemsepi=\skip90
\parsepii=\skip91
\topsepii=\skip92
\topsepiii=\skip93
\itemsepii=\skip94
\itemsepiii=\skip95
\partopsepii=\skip96
\partopsepiii=\skip97
\m@msavetopsep=\skip98
\m@msavepartopsep=\skip99
\@enLab=\toks17
\abstitleskip=\skip100
\absleftindent=\skip101
\abs@leftindent=\dimen144
\absrightindent=\skip102
\absparindent=\skip103
\absparsep=\skip104
\c@vslineno=\count198
\c@poemline=\count199
\c@modulo@vs=\count266
\c@memfvsline=\count267
\vleftskip=\skip105
\vrightskip=\skip106
\stanzaskip=\skip107
\versewidth=\skip108
\vgap=\skip109
\vindent=\skip110
\vleftmargin=\dimen145
\c@verse=\count268
\c@chrsinstr=\count269
\beforepoemtitleskip=\skip111
\afterpoemtitleskip=\skip112
\c@poem=\count270
\beforePoemTitleskip=\skip113
\midPoemTitleskip=\skip114
\afterPoemTitleskip=\skip115

(/usr/local/texlive/2023/texmf-dist/tex/latex/tools/array.sty
Package: array 2022/09/04 v2.5g Tabular extension package (FMi)
\col@sep=\dimen146
\ar@mcellbox=\box52
\extrarowheight=\dimen147
\NC@list=\toks18
\extratabsurround=\skip116
\backup@length=\skip117
\ar@cellbox=\box53
)
(/usr/local/texlive/2023/texmf-dist/tex/latex/tools/dcolumn.sty
Package: dcolumn 2014/10/28 v1.06 decimal alignment package (DPC)
)
(/usr/local/texlive/2023/texmf-dist/tex/latex/tools/delarray.sty
Package: delarray 2014/10/28 v1.01 array delimiter package (DPC)
)
(/usr/local/texlive/2023/texmf-dist/tex/latex/tools/tabularx.sty
Package: tabularx 2020/01/15 v2.11c `tabularx' package (DPC)
\TX@col@width=\dimen148
\TX@old@table=\dimen149
\TX@old@col=\dimen150
\TX@target=\dimen151
\TX@delta=\dimen152
\TX@cols=\count271
\TX@ftn=\toks19
)
(/usr/local/texlive/2023/texmf-dist/tex/latex/booktabs/booktabs.sty
Package: booktabs 2020/01/12 v1.61803398 Publication quality tables
\heavyrulewidth=\dimen153
\lightrulewidth=\dimen154
\cmidrulewidth=\dimen155
\belowrulesep=\dimen156
\belowbottomsep=\dimen157
\aboverulesep=\dimen158
\abovetopsep=\dimen159
\cmidrulesep=\dimen160
\cmidrulekern=\dimen161
\defaultaddspace=\dimen162
\@cmidla=\count272
\@cmidlb=\count273
\@aboverulesep=\dimen163
\@belowrulesep=\dimen164
\@thisruleclass=\count274
\@lastruleclass=\count275
\@thisrulewidth=\dimen165
)
\ctableftskip=\skip118
\ctabrightskip=\skip119
\abovecolumnspenalty=\count276
\@linestogo=\count277
\@cellstogo=\count278
\@cellsincolumn=\count279
\crtok=\toks20
\@mincolumnwidth=\dimen166
\c@newflo@tctr=\count280
\mem@margin@floatbox=\box54
\@contcwidth=\skip120
\@contindw=\skip121
\abovecaptionskip=\skip122
\belowcaptionskip=\skip123
\subfloattopskip=\skip124
\subfloatcapskip=\skip125
\subfloatcaptopadj=\skip126
\subfloatbottomskip=\skip127
\subfloatlabelskip=\skip128
\subfloatcapmargin=\dimen167
\c@@contsubnum=\count281
\m@mscap@capbox=\box55
\m@mscap@fbox=\box56
\sidecapsep=\dimen168
\sidecapwidth=\dimen169
\m@m@tempdima=\dimen170
\m@mscapraise=\dimen171
\sidecapraise=\dimen172
\m@mscapmainwidth=\dimen173
\m@mscaplkern=\dimen174
\beforeepigraphskip=\skip129
\afterepigraphskip=\skip130
\epigraphwidth=\skip131
\epigraphrule=\skip132
LaTeX Info: Redefining \em on input line 6878.
LaTeX Info: Redefining \emph on input line 6886.

(/usr/local/texlive/2023/texmf-dist/tex/latex/hyperref/nameref.sty
Package: nameref 2023-08-07 v2.53 Cross-referencing by name of section

(/usr/local/texlive/2023/texmf-dist/tex/latex/refcount/refcount.sty
Package: refcount 2019/12/15 v3.6 Data extraction from label references (HO)

(/usr/local/texlive/2023/texmf-dist/tex/generic/ltxcmds/ltxcmds.sty
Package: ltxcmds 2020-05-10 v1.25 LaTeX kernel commands for general use (HO)
)
(/usr/local/texlive/2023/texmf-dist/tex/generic/infwarerr/infwarerr.sty
Package: infwarerr 2019/12/03 v1.5 Providing info/warning/error messages (HO)
))
(/usr/local/texlive/2023/texmf-dist/tex/generic/gettitlestring/gettitlestring.s
ty
Package: gettitlestring 2019/12/15 v1.6 Cleanup title references (HO)
 (/usr/local/texlive/2023/texmf-dist/tex/latex/kvoptions/kvoptions.sty
Package: kvoptions 2022-06-15 v3.15 Key value format for package options (HO)

(/usr/local/texlive/2023/texmf-dist/tex/latex/graphics/keyval.sty
Package: keyval 2022/05/29 v1.15 key=value parser (DPC)
\KV@toks@=\toks21
)
(/usr/local/texlive/2023/texmf-dist/tex/latex/kvsetkeys/kvsetkeys.sty
Package: kvsetkeys 2022-10-05 v1.19 Key value parser (HO)
)))
\c@section@level=\count282
)
\tocentryskip=\skip133
\tocbaseline=\skip134
\cftparskip=\skip135
\cftbeforebookskip=\skip136
\cftbookindent=\dimen175
\cftbooknumwidth=\dimen176
\cftbeforepartskip=\skip137
\cftpartindent=\skip138
\cftpartnumwidth=\skip139
\cftbeforechapterskip=\skip140
\cftchapterindent=\skip141
\cftchapternumwidth=\skip142
\cftbeforesectionskip=\skip143
\cftsectionindent=\skip144
\cftsectionnumwidth=\skip145
\cftbeforesubsectionskip=\skip146
\cftsubsectionindent=\skip147
\cftsubsectionnumwidth=\skip148
\cftbeforesubsubsectionskip=\skip149
\cftsubsubsectionindent=\skip150
\cftsubsubsectionnumwidth=\skip151
\cftbeforeparagraphskip=\skip152
\cftparagraphindent=\skip153
\cftparagraphnumwidth=\skip154
\cftbeforesubparagraphskip=\skip155
\cftsubparagraphindent=\skip156
\cftsubparagraphnumwidth=\skip157
\prechapterprecisshift=\dimen177
\c@maxsecnumdepth=\count283
\bibindent=\dimen178
\bibitemsep=\skip158
\indexcolsep=\skip159
\indexrule=\skip160
\indexmarkstyle=\toks22
\@indexbox=\insert252
LaTeX Info: Redefining \raggedbottom on input line 7881.
LaTeX Info: Redefining \flushbottom on input line 7885.
\glossarycolsep=\dimen179
\glossaryrule=\dimen180
\sideparvshift=\skip161
\sideins=\insert251
\sidebartopsep=\skip162
\sidebarhsep=\skip163
\sidebarvsep=\skip164
\sidebarwidth=\skip165
\footmarkwidth=\skip166
\footmarksep=\skip167
\footparindent=\skip168
\footinsdim=\skip169
\footinsv@r=\insert250
\@mpfootinsv@r=\insert249
\m@m@k=\count284
\m@m@h=\dimen181
\m@mipn@skip=\skip170
\sidefootins=\insert248
\sidefootadjust=\skip171
\sidefootheight=\skip172
\sidefoothsep=\skip173
\sidefootvsep=\skip174
\sidefootwidth=\skip175
\m@mdownsf=\skip176
\c@sidefootnote=\count285
\sidefootmarkwidth=\skip177
\sidefootmarksep=\skip178
\sidefootparindent=\skip179
\c@pagenote=\count286
\c@pagenoteshadow=\count287
\mem@pn@lastkern=\skip180
\every@verbatim=\toks23
\afterevery@verbatim=\toks24
\verbatim@line=\toks25
\tab@position=\count288
\verbatim@in@stream=\read2
\verbatimindent=\skip181
\verbatim@out=\write3
\bvboxsep=\skip182
\c@memfbvline=\count289
\c@bvlinectr=\count290
\bvnumlength=\skip183
\fb@frw=\dimen182
\fb@frh=\dimen183
\FrameRule=\dimen184
\FrameSep=\dimen185
\c@cp@cntr=\count291
\c@ism@mctr=\count292
\c@xsm@mctr=\count293
\c@csm@mctr=\count294
\c@ksm@mctr=\count295
\c@xksm@mctr=\count296
\c@cksm@mctr=\count297
\c@msm@mctr=\count298
\c@xmsm@mctr=\count299
\c@cmsm@mctr=\count300
\c@bsm@mctr=\count301
\c@workm@mctr=\count302
\c@sheetsequence=\count303
\c@lastsheet=\count304
\c@lastpage=\count305

(/usr/local/texlive/2023/texmf-dist/tex/latex/textcase/textcase.sty
Package: textcase 2023/07/27 v1.04 Text only upper/lower case changing (DPC)
Package textcase Info: Defining Legacy names on input line 20.
)
\c@figure=\count306
\c@lofdepth=\count307
\cftbeforefigureskip=\skip184
\cftfigureindent=\skip185
\cftfigurenumwidth=\skip186
\c@table=\count308
\c@lotdepth=\count309
\cftbeforetableskip=\skip187
\cfttableindent=\skip188
\cfttablenumwidth=\skip189
Package abstract [2008/07/23] emulated by memoir.
Package appendix [2008/07/23] emulated by memoir.
Package ccaption [2008/07/23] emulated by memoir.
Package changepage [2008/07/23] emulated by memoir.
Package chngcntr [2008/07/23] emulated by memoir.
Package chngpage [2008/07/23] emulated by memoir.
Package crop emulated by memoir.
Package enumerate [2008/07/23] emulated by memoir.
Package epigraph [2008/07/23] emulated by memoir.
Package ifmtarg [2008/07/23] emulated by memoir.
Package index [2008/07/23] emulated by memoir.
Package makeidx [2008/07/23] emulated by memoir.
Package moreverb [2008/07/23] emulated by memoir.
Package needspace [2008/07/23] emulated by memoir.
Package newfile [2008/07/23] emulated by memoir.
Package nextpage [2008/07/23] emulated by memoir.
Package pagenote [2008/07/23] emulated by memoir.
Package parskip [2008/07/23] emulated by memoir.
Package patchcmd [2008/07/23] emulated by memoir.
Package setspace [2008/07/23] emulated by memoir.
Package shortvrb [2008/07/23] emulated by memoir.
Package showidx [2008/07/23] emulated by memoir.
Package titleref [2008/07/23] emulated by memoir.
Package titling [2008/07/23] emulated by memoir.
Package tocbibind [2008/07/23] emulated by memoir.
Package tocloft [2008/07/23] emulated by memoir.
Package tocvsec2 [2008/07/23] emulated by memoir.
Package verbatim [2008/07/23] emulated by memoir.
Package verse [2008/07/23] emulated by memoir.
)
(/usr/local/texlive/2023/texmf-dist/tex/latex/base/inputenc.sty
Package: inputenc 2021/02/14 v1.3d Input encoding file
\inpenc@prehook=\toks26
\inpenc@posthook=\toks27


Package inputenc Warning: inputenc package ignored with utf8 based engines.

) (/usr/local/texlive/2023/texmf-dist/tex/latex/mathdesign/mathdesign.sty
Package: mathdesign 2013/08/29 v2.31 Math Design Project

(/usr/local/texlive/2023/texmf-dist/tex/latex/base/ifthen.sty
Package: ifthen 2022/04/13 v1.1d Standard LaTeX ifthen package (DPC)
)
(/usr/local/texlive/2023/texmf-dist/tex/latex/mathdesign/mdbch/mdbch.cfg)
(/usr/local/texlive/2023/texmf-dist/tex/latex/mathdesign/mdbch/mdbch.sty
Package: mdbch 2013/08/29 v2.31 bitstream bitstream charter + mdbch (Math Desig
n Project)

(/usr/local/texlive/2023/texmf-dist/tex/latex/mathdesign/mdfont.def
File: mdfont.def 2013/08/29 v2.31 (Math Design Project)
)
(/usr/local/texlive/2023/texmf-dist/tex/latex/mathdesign/mdsffont.def
File: mdsffont.def 2013/08/29 v2.31 (Math Design Project)


LaTeX Info: Font shape OT1/phv/mc/n has incorrect series value `mc'.
            It should not contain an `m'! Please correct it.
            Found on input line 53.


LaTeX Info: Font shape OT1/phv/mc/sc has incorrect series value `mc'.
            It should not contain an `m'! Please correct it.
            Found on input line 56.


LaTeX Info: Font shape OT1/phv/mc/sl has incorrect series value `mc'.
            It should not contain an `m'! Please correct it.
            Found on input line 59.


LaTeX Info: Font shape OT1/phv/mc/it has incorrect series value `mc'.
            It should not contain an `m'! Please correct it.
            Found on input line 79.


LaTeX Info: Font shape T1/phv/mc/n has incorrect series value `mc'.
            It should not contain an `m'! Please correct it.
            Found on input line 102.


LaTeX Info: Font shape T1/phv/mc/sc has incorrect series value `mc'.
            It should not contain an `m'! Please correct it.
            Found on input line 105.


LaTeX Info: Font shape T1/phv/mc/sl has incorrect series value `mc'.
            It should not contain an `m'! Please correct it.
            Found on input line 108.


LaTeX Info: Font shape T1/phv/mc/it has incorrect series value `mc'.
            It should not contain an `m'! Please correct it.
            Found on input line 128.


LaTeX Info: Font shape OT1/uhv/mc/n has incorrect series value `mc'.
            It should not contain an `m'! Please correct it.
            Found on input line 259.


LaTeX Info: Font shape OT1/uhv/mc/sc has incorrect series value `mc'.
            It should not contain an `m'! Please correct it.
            Found on input line 262.


LaTeX Info: Font shape OT1/uhv/mc/sl has incorrect series value `mc'.
            It should not contain an `m'! Please correct it.
            Found on input line 265.


LaTeX Info: Font shape OT1/uhv/mc/it has incorrect series value `mc'.
            It should not contain an `m'! Please correct it.
            Found on input line 268.


LaTeX Info: Font shape T1/uhv/mc/n has incorrect series value `mc'.
            It should not contain an `m'! Please correct it.
            Found on input line 313.


LaTeX Info: Font shape T1/uhv/mc/sc has incorrect series value `mc'.
            It should not contain an `m'! Please correct it.
            Found on input line 316.


LaTeX Info: Font shape T1/uhv/mc/sl has incorrect series value `mc'.
            It should not contain an `m'! Please correct it.
            Found on input line 319.


LaTeX Info: Font shape T1/uhv/mc/it has incorrect series value `mc'.
            It should not contain an `m'! Please correct it.
            Found on input line 322.

) (/usr/local/texlive/2023/texmf-dist/tex/latex/mathdesign/mdttfont.def
File: mdttfont.def 2013/08/29 v2.31 (Math Design Project)
)
\symmdcal=\mathgroup4
LaTeX Font Info:    Overwriting symbol font `mdcal' in version `bold'
(Font)                  OMS/mdbch/m/n --> OMS/mdbch/b/n on input line 97.
\symmdscr=\mathgroup5
LaTeX Font Info:    Overwriting symbol font `mdscr' in version `bold'
(Font)                  OMS/mdbch/m/n --> OMS/mdbch/b/n on input line 103.
LaTeX Font Info:    Overwriting math alphabet `\mathfrak' in version `bold'
(Font)                  U/xmdeuf/m/n --> U/xmdeuf/b/n on input line 110.
LaTeX Font Info:    Overwriting symbol font `operators' in version `normal'
(Font)                  OT1/cmr/m/n --> OT1/mdbch/m/n on input line 121.
LaTeX Font Info:    Overwriting symbol font `letters' in version `normal'
(Font)                  OML/cmm/m/it --> OML/mdbch/m/it on input line 122.
LaTeX Font Info:    Overwriting symbol font `symbols' in version `normal'
(Font)                  OMS/cmsy/m/n --> OMS/mdbch/m/n on input line 123.
LaTeX Font Info:    Overwriting symbol font `largesymbols' in version `normal'
(Font)                  OMX/cmex/m/n --> OMX/mdbch/m/n on input line 124.
LaTeX Font Info:    Overwriting symbol font `operators' in version `bold'
(Font)                  OT1/cmr/bx/n --> OT1/mdbch/b/n on input line 126.
LaTeX Font Info:    Overwriting symbol font `letters' in version `bold'
(Font)                  OML/cmm/b/it --> OML/mdbch/b/it on input line 127.
LaTeX Font Info:    Overwriting symbol font `symbols' in version `bold'
(Font)                  OMS/cmsy/b/n --> OMS/mdbch/b/n on input line 128.
LaTeX Font Info:    Overwriting symbol font `largesymbols' in version `bold'
(Font)                  OMX/cmex/m/n --> OMX/mdbch/b/n on input line 129.
LaTeX Font Info:    Overwriting math alphabet `\mathrm' in version `normal'
(Font)                  OT1/mdbch/m/n --> TU/mdbch/m/n on input line 131.
LaTeX Font Info:    Overwriting math alphabet `\mathbf' in version `normal'
(Font)                  OT1/cmr/bx/n --> TU/mdbch/b/n on input line 132.
LaTeX Font Info:    Overwriting math alphabet `\mathit' in version `normal'
(Font)                  OT1/cmr/m/it --> TU/mdbch/m/it on input line 133.
LaTeX Font Info:    Overwriting math alphabet `\mathsf' in version `normal'
(Font)                  OT1/cmss/m/n --> TU/lmss/m/n on input line 134.
LaTeX Font Info:    Overwriting math alphabet `\mathtt' in version `normal'
(Font)                  OT1/cmtt/m/n --> TU/lmtt/m/n on input line 135.
LaTeX Font Info:    Overwriting math alphabet `\mathrm' in version `bold'
(Font)                  OT1/mdbch/b/n --> TU/mdbch/b/n on input line 137.
LaTeX Font Info:    Overwriting math alphabet `\mathbf' in version `bold'
(Font)                  OT1/cmr/bx/n --> TU/mdbch/b/n on input line 138.
LaTeX Font Info:    Overwriting math alphabet `\mathit' in version `bold'
(Font)                  OT1/cmr/bx/it --> TU/mdbch/b/it on input line 139.
LaTeX Font Info:    Overwriting math alphabet `\mathsf' in version `bold'
(Font)                  OT1/cmss/bx/n --> TU/lmss/b/n on input line 140.
LaTeX Font Info:    Overwriting math alphabet `\mathtt' in version `bold'
(Font)                  OT1/cmtt/m/n --> TU/lmtt/b/n on input line 141.
\symlettersupright=\mathgroup6
LaTeX Font Info:    Overwriting symbol font `lettersupright' in version `bold'
(Font)                  OML/mdbch/m/n --> OML/mdbch/b/n on input line 144.
LaTeX Font Info:    Redeclaring math alphabet \mathrm on input line 145.
LaTeX Font Info:    Overwriting math alphabet `\mathcal' in version `normal'
(Font)                  OMS/mdbch/m/n --> OMS/mdbch/m/n on input line 167.

(/usr/local/texlive/2023/texmf-dist/tex/latex/xkeyval/xkeyval.sty
Package: xkeyval 2022/06/16 v2.9 package option processing (HA)

(/usr/local/texlive/2023/texmf-dist/tex/generic/xkeyval/xkeyval.tex
(/usr/local/texlive/2023/texmf-dist/tex/generic/xkeyval/xkvutils.tex
\XKV@toks=\toks28
\XKV@tempa@toks=\toks29
)
\XKV@depth=\count310
File: xkeyval.tex 2014/12/03 v2.7a key=value parser (HA)
))
LaTeX Font Info:    Trying to load font information for TU+mdbch on input line 
186.
LaTeX Font Info:    No file TUmdbch.fd. on input line 186.


LaTeX Font Warning: Font shape `TU/mdbch/m/n' undefined
(Font)              using `TU/lmr/m/n' instead on input line 186.

LaTeX Font Info:    Redeclaring math accent \widetilde on input line 449.
LaTeX Font Info:    Redeclaring math accent \widehat on input line 450.
\symmathdesignA=\mathgroup7
LaTeX Font Info:    Overwriting symbol font `mathdesignA' in version `bold'
(Font)                  MDA/mdbch/m/n --> MDA/mdbch/b/n on input line 491.
\symmathdesignB=\mathgroup8
LaTeX Font Info:    Overwriting symbol font `mathdesignB' in version `bold'
(Font)                  MDB/mdbch/m/n --> MDB/mdbch/b/n on input line 498.
\@emptytoks=\toks30
LaTeX Font Info:    Redeclaring math accent \widetilde on input line 532.
LaTeX Font Info:    Redeclaring math accent \widehat on input line 533.
\rulethickness=\skip190
) (/usr/local/texlive/2023/texmf-dist/tex/latex/base/fontenc.sty
Package: fontenc 2021/04/29 v2.0v Standard LaTeX package
LaTeX Font Info:    Trying to load font information for T1+mdbch on input line 
112.

(/usr/local/texlive/2023/texmf-dist/tex/latex/mathdesign/mdbch/t1mdbch.fd
File: t1mdbch.fd 2013/08/29 Fontinst v1.933 font definitions for T1/mdbch.
)
LaTeX Font Info:    Font shape `T1/mdbch/m/n' will be
(Font)              scaled to size 9.60007pt on input line 112.
))
(/usr/local/texlive/2023/texmf-dist/tex/latex/titlesec/titlesec.sty
Package: titlesec 2023/10/17 v2.15 Sectioning titles
\ttl@box=\box57
\beforetitleunit=\skip191
\aftertitleunit=\skip192
\ttl@plus=\dimen186
\ttl@minus=\dimen187
\ttl@toksa=\toks31
\titlewidth=\dimen188
\titlewidthlast=\dimen189
\titlewidthfirst=\dimen190
)
(/usr/local/texlive/2023/texmf-dist/tex/latex/paracol/paracol.sty
Package: paracol 2018/12/31 v1.35 
\pcol@currcol=\count311
\pcol@nextcol=\count312
\pcol@ncol=\count313
\pcol@ncolleft=\count314
\pcol@page=\count315
\pcol@basepage=\count316
\pcol@toppage=\count317
\pcol@footnotebase=\count318
\pcol@nfootnotes=\count319
\pcol@mcid=\count320
\pcol@prevdepth=\dimen191
\pcol@colht=\dimen192
\pcol@textfloatsep=\dimen193
\pcol@lrmargin=\dimen194
\pagerim=\dimen195
\pcol@topskip=\skip193
\belowfootnoteskip=\skip194
\pcol@topfnotes=\box58
\pcol@prespan=\box59
\pcol@rightpage=\box60
\pcol@colorstack@saved=\box61
\pcol@tempboxa=\box62
\pcol@tempboxb=\box63
\pcol@colorins=\insert247
\pcol@everyvbox=\toks32
)
(/usr/local/texlive/2023/texmf-dist/tex/latex/mdframed/mdframed.sty
Package: mdframed 2013/07/01 1.9b: mdframed

(/usr/local/texlive/2023/texmf-dist/tex/latex/zref/zref-abspage.sty
Package: zref-abspage 2023-09-14 v2.35 Module abspage for zref (HO)

(/usr/local/texlive/2023/texmf-dist/tex/latex/zref/zref-base.sty
Package: zref-base 2023-09-14 v2.35 Module base for zref (HO)

(/usr/local/texlive/2023/texmf-dist/tex/generic/kvdefinekeys/kvdefinekeys.sty
Package: kvdefinekeys 2019-12-19 v1.6 Define keys (HO)
)
(/usr/local/texlive/2023/texmf-dist/tex/generic/pdftexcmds/pdftexcmds.sty
Package: pdftexcmds 2020-06-27 v0.33 Utility functions of pdfTeX for LuaTeX (HO
)
Package pdftexcmds Info: \pdf@primitive is available.
Package pdftexcmds Info: \pdf@ifprimitive is available.
Package pdftexcmds Info: \pdfdraftmode found.
\pdftexcmds@toks=\toks33
)
(/usr/local/texlive/2023/texmf-dist/tex/generic/etexcmds/etexcmds.sty
Package: etexcmds 2019/12/15 v1.7 Avoid name clashes with e-TeX commands (HO)
)
(/usr/local/texlive/2023/texmf-dist/tex/latex/auxhook/auxhook.sty
Package: auxhook 2019-12-17 v1.6 Hooks for auxiliary files (HO)
)
Package zref Info: New property list: main on input line 767.
Package zref Info: New property: default on input line 768.
Package zref Info: New property: page on input line 769.
)
\c@abspage=\count321
Package zref Info: New property: abspage on input line 67.
)
(/usr/local/texlive/2023/texmf-dist/tex/latex/graphics/color.sty
Package: color 2022/01/06 v1.3d Standard LaTeX Color (DPC)

(/usr/local/texlive/2023/texmf-dist/tex/latex/graphics-cfg/color.cfg
File: color.cfg 2016/01/02 v1.6 sample color configuration
)
Package color Info: Driver file: luatex.def on input line 149.

(/usr/local/texlive/2023/texmf-dist/tex/latex/graphics-def/luatex.def
File: luatex.def 2022/09/22 v1.2d Graphics/color driver for luatex
)
(/usr/local/texlive/2023/texmf-dist/tex/latex/graphics/mathcolor.ltx))
\mdf@templength=\skip195
\c@mdf@globalstyle@cnt=\count322
\mdf@skipabove@length=\skip196
\mdf@skipbelow@length=\skip197
\mdf@leftmargin@length=\skip198
\mdf@rightmargin@length=\skip199
\mdf@innerleftmargin@length=\skip256
\mdf@innerrightmargin@length=\skip257
\mdf@innertopmargin@length=\skip258
\mdf@innerbottommargin@length=\skip259
\mdf@splittopskip@length=\skip260
\mdf@splitbottomskip@length=\skip261
\mdf@outermargin@length=\skip262
\mdf@innermargin@length=\skip263
\mdf@linewidth@length=\skip264
\mdf@innerlinewidth@length=\skip265
\mdf@middlelinewidth@length=\skip266
\mdf@outerlinewidth@length=\skip267
\mdf@roundcorner@length=\skip268
\mdf@footenotedistance@length=\skip269
\mdf@userdefinedwidth@length=\skip270
\mdf@needspace@length=\skip271
\mdf@frametitleaboveskip@length=\skip272
\mdf@frametitlebelowskip@length=\skip273
\mdf@frametitlerulewidth@length=\skip274
\mdf@frametitleleftmargin@length=\skip275
\mdf@frametitlerightmargin@length=\skip276
\mdf@shadowsize@length=\skip277
\mdf@extratopheight@length=\skip278
\mdf@subtitleabovelinewidth@length=\skip279
\mdf@subtitlebelowlinewidth@length=\skip280
\mdf@subtitleaboveskip@length=\skip281
\mdf@subtitlebelowskip@length=\skip282
\mdf@subtitleinneraboveskip@length=\skip283
\mdf@subtitleinnerbelowskip@length=\skip284
\mdf@subsubtitleabovelinewidth@length=\skip285
\mdf@subsubtitlebelowlinewidth@length=\skip286
\mdf@subsubtitleaboveskip@length=\skip287
\mdf@subsubtitlebelowskip@length=\skip288
\mdf@subsubtitleinneraboveskip@length=\skip289
\mdf@subsubtitleinnerbelowskip@length=\skip290

(/usr/local/texlive/2023/texmf-dist/tex/latex/mdframed/md-frame-0.mdf
File: md-frame-0.mdf 2013/07/01\ 1.9b: md-frame-0
)
\mdf@frametitlebox=\box64
\mdf@footnotebox=\box65
\mdf@splitbox@one=\box66
\mdf@splitbox@two=\box67
\mdf@splitbox@save=\box68
\mdfsplitboxwidth=\skip291
\mdfsplitboxtotalwidth=\skip292
\mdfsplitboxheight=\skip293
\mdfsplitboxdepth=\skip294
\mdfsplitboxtotalheight=\skip295
\mdfframetitleboxwidth=\skip296
\mdfframetitleboxtotalwidth=\skip297
\mdfframetitleboxheight=\skip298
\mdfframetitleboxdepth=\skip299
\mdfframetitleboxtotalheight=\skip300
\mdffootnoteboxwidth=\skip301
\mdffootnoteboxtotalwidth=\skip302
\mdffootnoteboxheight=\skip303
\mdffootnoteboxdepth=\skip304
\mdffootnoteboxtotalheight=\skip305
\mdftotallinewidth=\skip306
\mdfboundingboxwidth=\skip307
\mdfboundingboxtotalwidth=\skip308
\mdfboundingboxheight=\skip309
\mdfboundingboxdepth=\skip310
\mdfboundingboxtotalheight=\skip311
\mdf@freevspace@length=\skip312
\mdf@horizontalwidthofbox@length=\skip313
\mdf@verticalmarginwhole@length=\skip314
\mdf@horizontalspaceofbox=\skip315
\mdfsubtitleheight=\skip316
\mdfsubsubtitleheight=\skip317
\c@mdfcountframes=\count323

****** mdframed patching \endmdf@trivlist

****** -- success******

\mdf@envdepth=\count324
\c@mdf@env@i=\count325
\c@mdf@env@ii=\count326
\c@mdf@zref@counter=\count327
Package zref Info: New property: mdf@pagevalue on input line 895.
)
(/usr/local/texlive/2023/texmf-dist/tex/latex/xcolor/xcolor.sty
Package: xcolor 2022/06/12 v2.14 LaTeX color extensions (UK)

(/usr/local/texlive/2023/texmf-dist/tex/latex/graphics-cfg/color.cfg
File: color.cfg 2016/01/02 v1.6 sample color configuration
)
Package xcolor Info: Driver file: luatex.def on input line 227.
LaTeX Info: Redefining \color on input line 711.

(/usr/local/texlive/2023/texmf-dist/tex/latex/graphics/mathcolor.ltx)
Package xcolor Info: Model `cmy' substituted by `cmy0' on input line 1353.
Package xcolor Info: Model `hsb' substituted by `rgb' on input line 1357.
Package xcolor Info: Model `RGB' extended on input line 1369.
Package xcolor Info: Model `HTML' substituted by `rgb' on input line 1371.
Package xcolor Info: Model `Hsb' substituted by `hsb' on input line 1372.
Package xcolor Info: Model `tHsb' substituted by `hsb' on input line 1373.
Package xcolor Info: Model `HSB' substituted by `hsb' on input line 1374.
Package xcolor Info: Model `Gray' substituted by `gray' on input line 1375.
Package xcolor Info: Model `wave' substituted by `hsb' on input line 1376.
)
(/usr/local/texlive/2023/texmf-dist/tex/generic/babel/babel.sty
Package: babel 2023/09/29 v3.95 The Babel package

(/usr/local/texlive/2023/texmf-dist/tex/generic/babel/luababel.def
\bbl@readstream=\read3
\l@dumylang=\language2
Package babel Info: Non-standard hyphenation setup on input line 118.
\l@nohyphenation=\language3
\l@vietnamese=\language4
\l@hebrew=\language5
\l@german-x-2023-03-06=\language6
\l@ngerman-x-2023-03-06=\language7
\l@afrikaans=\language8
\l@ancientgreek=\language9
\l@ibycus=\language10
\l@arabic=\language11
\l@armenian=\language12
\l@basque=\language13
\l@belarusian=\language14
\l@bulgarian=\language15
\l@catalan=\language16
\l@pinyin=\language17
\l@churchslavonic=\language18
\l@coptic=\language19
\l@croatian=\language20
\l@czech=\language21
\l@danish=\language22
\l@dutch=\language23
\l@ukenglish=\language24
\l@usenglishmax=\language25
\l@esperanto=\language26
\l@estonian=\language27
\l@ethiopic=\language28
\l@farsi=\language29
\l@finnish=\language30
\l@schoolfinnish=\language31
\l@french=\language32
\l@friulan=\language33
\l@galician=\language34
\l@georgian=\language35
\l@german=\language36
\l@ngerman=\language37
\l@swissgerman=\language38
\l@greek=\language39
\l@monogreek=\language40
\l@hungarian=\language41
\l@icelandic=\language42
\l@assamese=\language43
\l@bengali=\language44
\l@gujarati=\language45
\l@hindi=\language46
\l@kannada=\language47
\l@malayalam=\language48
\l@marathi=\language49
\l@oriya=\language50
\l@pali=\language51
\l@panjabi=\language52
\l@tamil=\language53
\l@telugu=\language54
\l@indonesian=\language55
\l@interlingua=\language56
\l@irish=\language57
\l@italian=\language58
\l@kurmanji=\language59
\l@classiclatin=\language60
\l@latin=\language61
\l@liturgicallatin=\language62
\l@latvian=\language63
\l@lithuanian=\language64
\l@macedonian=\language65
\l@mongolian=\language66
\l@mongolianlmc=\language67
\l@bokmal=\language68
\l@nynorsk=\language69
\l@occitan=\language70
\l@piedmontese=\language71
\l@polish=\language72
\l@portuguese=\language73
\l@romanian=\language74
\l@romansh=\language75
\l@russian=\language76
\l@sanskrit=\language77
\l@serbian=\language78
\l@serbianc=\language79
\l@slovak=\language80
\l@slovenian=\language81
\l@spanish=\language82
\l@swedish=\language83
\l@thai=\language84
\l@turkish=\language85
\l@turkmen=\language86
\l@ukrainian=\language87
\l@uppersorbian=\language88
\l@welsh=\language89
\babelcatcodetablenum=\catcodetable14
\bbl@pattcodes=\catcodetable15
)
\babel@savecnt=\count328
\U@D=\dimen196
\l@unhyphenated=\language90

(/usr/local/texlive/2023/texmf-dist/tex/generic/babel/luababel.def
\bbl@attr@locale=\attribute4
)
Package babel Info: You haven't specified a language as a class or package
(babel)             option. I'll load 'nil'. Reported on input line 4295.

(/usr/local/texlive/2023/texmf-dist/tex/generic/babel/nil.ldf
Language: nil 2023/09/29 v3.95 Nil language
\l@nil=\language91
))
(/usr/local/texlive/2023/texmf-dist/tex/lualatex/gregoriotex/gregoriotex.sty
Package: gregoriotex 2021/03/13 v6.0.0 GregorioTeX system.

(/usr/local/texlive/2023/texmf-dist/tex/latex/luacolor/luacolor.sty
Package: luacolor 2023-08-18 v1.18 Color support via LuaTeX's attributes (HO)
Inserting `luacolor.process' in `pre_shipout_filter'.
\LuaCol@Attribute=\attribute5
)
(/usr/local/texlive/2023/texmf-dist/tex/latex/graphics/graphicx.sty
Package: graphicx 2021/09/16 v1.2d Enhanced LaTeX Graphics (DPC,SPQR)

(/usr/local/texlive/2023/texmf-dist/tex/latex/graphics/graphics.sty
Package: graphics 2022/03/10 v1.4e Standard LaTeX Graphics (DPC,SPQR)

(/usr/local/texlive/2023/texmf-dist/tex/latex/graphics/trig.sty
Package: trig 2021/08/11 v1.11 sin cos tan (DPC)
)
(/usr/local/texlive/2023/texmf-dist/tex/latex/graphics-cfg/graphics.cfg
File: graphics.cfg 2016/06/04 v1.11 sample graphics configuration
)
Package graphics Info: Driver file: luatex.def on input line 107.
)
\Gin@req@height=\dimen197
\Gin@req@width=\dimen198
)
(/usr/local/texlive/2023/texmf-dist/tex/luatex/luatexbase/luatexbase.sty
Package: luatexbase 2015/10/04 v1.3 luatexbase interface to LuaTeX 

(/usr/local/texlive/2023/texmf-dist/tex/luatex/ctablestack/ctablestack.sty
Package: ctablestack 2015/10/01 v1.0 Catcode table stable support
\@catcodetablestackcnt=\count329
)
\CatcodeTableOther=\catcodetable16
\CatcodeTableExpl=\catcodetable17
)
(/usr/local/texlive/2023/texmf-dist/tex/luatex/luamplib/luamplib.sty
Package: luamplib 2023/08/21 v2.25.1 mplib package for LuaTeX
Lua module: luamplib 2023/08/21 2.25.1 Lua package to typeset Metapost with LuaT
eX's MPLib.
\mplibtmptoks=\toks34
\mplibscratchbox=\box69
)
(/usr/local/texlive/2023/texmf-dist/tex/generic/xstring/xstring.sty
(/usr/local/texlive/2023/texmf-dist/tex/generic/xstring/xstring.tex
\xs_counta=\count330
\xs_countb=\count331
)
Package: xstring 2023/08/22 v1.86 String manipulations (CT)
)
(/usr/local/texlive/2023/texmf-dist/tex/luatex/gregoriotex/gregoriotex-main.tex

(/usr/local/texlive/2023/texmf-dist/tex/luatex/gregoriotex/gregoriotex-common.t
ex)
\gre@attr@dash=\attribute6
\gre@attr@center=\attribute7
\GreScoreId=\attribute8
\gre@attr@glyph@id=\attribute9
\gre@attr@glyph@top=\attribute10
\gre@attr@glyph@bottom=\attribute11
\gre@attr@syllable@id=\attribute12
\gre@atletter=\catcodetable18
Lua module: gregoriotex 2021/03/13 6.0.0 GregorioTeX module.
Custom whatsit marker = 1
Module gregoriotex Info: marker whatsit id is 1 on input line 121

(04-17-2022_Alleluia_Resurrection.gaux)
Inserting `gregoriotex.write_greaux' in `finish_pdffile'.
\gre@gaux=\write4
\gre@read@temp=\read4
\gre@factor=\count332

(/usr/local/texlive/2023/texmf-dist/tex/luatex/gregoriotex/gregoriotex-spaces.t
ex
\gre@saved@prescore@hyphenpenalty=\count333
\gre@saved@prescore@exhyphenpenalty=\count334
\gre@saved@prescore@exhyphenchar=\count335
\gre@saved@prescore@doublehyphendemerits=\count336
\gre@saved@prescore@finalhyphendemerits=\count337
\gre@saved@prescore@brokenpenalty=\count338
\gre@saved@prescore@looseness=\count339
\gre@saved@prescore@tolerance=\count340
\gre@saved@prescore@pretolerance=\count341
\gre@saved@prescore@emergencystretch=\skip318
\gre@saved@prescore@widowpenalty=\count342
\gre@saved@prescore@clubpenalty=\count343
\gre@saved@prescore@parskip=\skip319
\gre@saved@prescore@lineskip=\skip320
\gre@saved@prescore@baselineskip=\skip321
\gre@saved@prescore@lineskiplimit=\skip322
\gre@dimen@textlower=\dimen199
\gre@dimen@stafflinewidth=\dimen256
\gre@dimen@linewidth=\dimen257
\gre@dimen@stafflineheight=\dimen258
\gre@dimen@interstafflinespace=\dimen259
\gre@dimen@stafflinediff=\dimen260
\gre@dimen@constantglyphraise=\dimen261
\gre@dimen@staffheight=\dimen262
\gre@skip@syllablefinalskip=\skip323
\gre@skip@minTextDistance=\skip324
\gre@skip@minNotesDistance=\skip325
\gre@dimen@curTextDistance=\dimen263
\gre@dimen@curNotesDistance=\dimen264
\gre@skip@minShiftText=\skip326
\gre@skip@minShiftNotes=\skip327
\gre@dimen@bolshift=\dimen265
\gre@dimen@bolextra=\dimen266
\gre@dimen@clefwidth@current=\dimen267
\gre@dimen@clefwidth@largest=\dimen268
\gre@dimen@clefwidth@bol=\dimen269
\gre@dimen@eolshift=\dimen270
\gre@dimen@glyphraisevalue=\dimen271
\gre@dimen@additionalbottomspace=\dimen272
\gre@dimen@additionaltopspace=\dimen273
\gre@dimen@additionaltopspacealt=\dimen274
\gre@dimen@additionaltopspacenabc=\dimen275
\gre@space@count@additionaltopspacethreshold=\count344
\gre@space@count@additionaltopspacealtthreshold=\count345
\gre@space@count@additionaltopspacenabcthreshold=\count346
\gre@space@count@noteadditionalspacelinestextthreshold=\count347
\gre@saved@prediscretionary@dimen@additionalbottomspace=\dimen276
\gre@saved@prediscretionary@dimen@additionaltopspace=\dimen277
\gre@saved@prediscretionary@dimen@additionaltopspacealt=\dimen278
\gre@saved@prediscretionary@dimen@additionaltopspacenabc=\dimen279
\gre@saved@prediscretionary@dimen@currenttranslationheight=\dimen280
\gre@saved@prediscretionary@dimen@textlower=\dimen281
\gre@saved@prediscretionary@dimen@currentabovelinestextheight=\dimen282
\gre@saved@prediscretionary@dimen@constantglyphraise=\dimen283
\gre@dimen@textaligncenter=\dimen284
\gre@dimen@enddifference=\dimen285
\gre@dimen@previousenddifference=\dimen286
\gre@dimen@currenttranslationheight=\dimen287
\gre@skip@nextbegindifference=\skip328
\gre@dimen@annotationtrueraise=\dimen288
\gre@dimen@commentarytrueraise=\dimen289
\gre@skip@bar@requirement=\skip329
\gre@skip@bar@allocation=\skip330
\gre@dimen@bar@shift=\dimen290
\gre@skip@text@requirement=\skip331
\gre@skip@text@allocation=\skip332
\gre@dimen@text@shift=\dimen291
\gre@dimen@adjustedpreviousenddifference=\dimen292
\gre@skip@adjustednextbegindifference=\dimen293
\gre@skip@punctummorashift=\skip333
\gre@skip@alterationshift=\skip334
\gre@dimen@begindifference=\dimen294
\gre@dimen@lastglyphwidth=\dimen295
\gre@dimen@notesaligncenter=\dimen296
\gre@dimen@additionalleftspace=\dimen297
\gre@dimen@initialwidth=\dimen298
\gre@dimen@currentabovelinestextheight=\dimen299
\gre@dimen@temp@one=\dimen300
\gre@dimen@temp@two=\dimen301
\gre@dimen@temp@three=\dimen302
\gre@dimen@temp@four=\dimen303
\gre@dimen@temp@five=\dimen304
\gre@skip@temp@one=\skip335
\gre@skip@temp@two=\skip336
\gre@skip@temp@three=\skip337
\gre@skip@temp@four=\skip338
\gre@count@temp@one=\count348
\gre@count@temp@two=\count349
\gre@count@temp@three=\count350
\gre@space@count@newlinepenalty=\count351
\gre@space@count@nobreakpenalty=\count352
\gre@space@count@endofwordpenalty=\count353
\gre@space@count@endofsyllablepenalty=\count354
\gre@space@count@endafterbarpenalty=\count355
\gre@space@count@endafterbaraltpenalty=\count356
\gre@space@count@finalpenalty=\count357
\gre@space@count@endofelementpenalty=\count358
\gre@space@count@hyphenpenalty=\count359
\gre@space@count@brokenpenalty=\count360
\gre@space@count@looseness=\count361
\gre@space@count@tolerance=\count362
\gre@space@count@pretolerance=\count363
\gre@space@count@widowpenalty=\count364
\gre@space@count@clubpenalty=\count365
\greconffactor=\count366
)
\gre@box@temp@width=\box70
\gre@box@initial=\box71
\gre@biginitial=\count367
\gre@knownline=\count368
\gre@box@annotation=\box72
\gre@box@add=\box73
\gre@box@old=\box74
\gre@count@annotationvalign=\count369
\gre@box@commentary=\box75
\gre@box@lines=\box76
Module gregoriotex Info: Registering variant font greciliae as gre@font@variant@
A. on input line 987
Module gregoriotex Info: Registering variant font greciliae-hollow as gre@font@v
ariant@B. on input line 987
Module gregoriotex Info: Registering variant font greciliae-hole as gre@font@var
iant@C. on input line 987
Module gregoriotex Info: Mapping font greciliae on input line 992
Module gregoriotex Info: Mapping font greciliae-hollow on input line 992
Module gregoriotex Info: Mapping font greciliae-hole on input line 992

(/usr/local/texlive/2023/texmf-dist/tex/luatex/gregoriotex/gregoriotex-chars.te
x
\gre@box@hep=\box77
)
(/usr/local/texlive/2023/texmf-dist/tex/luatex/gregoriotex/gregoriotex-signs.te
x
\gre@box@temp@clef=\box78
\gre@box@temp@cleftwo=\box79
\greslurheight=\dimen305
\gre@box@temp@sign=\box80
\gre@count@shiftaftermora=\count370
\gre@dimen@morawidth=\dimen306
\gre@skip@bar@lastskip=\skip339
\gre@count@lastglyphiscavum=\count371
)
(/usr/local/texlive/2023/texmf-dist/tex/luatex/gregoriotex/gregoriotex-syllable
.tex
\gre@generate@pointandclick=\count372
\gre@box@syllablenotes=\box81
\gre@box@syllabletext=\box82
\gre@clivisalignment=\count373
\gre@count@unbreakabletotalnotes=\count374
\gre@count@unbreakableinitialnotes=\count375
\gre@count@unbreakablefinalnotes=\count376
\gre@count@syllablenotes=\count377
)
\gre@variableheightexpansion=\count378
\gre@lastoflinecount=\count379
\gre@saved@prenlba@nobreakpenalty=\count380
\gre@saved@prenlba@endofwordpenalty=\count381
\gre@saved@prenlba@endofsyllablepenalty=\count382
\gre@saved@prenlba@endafterbarpenalty=\count383
\gre@saved@prenlba@endafterbaraltpenalty=\count384
\gre@saved@prenlba@endofelementpenalty=\count385
\gre@saved@prenlba@hyphenpenalty=\count386
\gre@lasteuouaeindex=\count387

(/usr/local/texlive/2023/texmf-dist/tex/luatex/gregoriotex/gregoriotex-symbols.
tex
Module gregoriotex Info: Registering variant font greextra as gre@font@variant@D
. on input line 53
)
\gre@dimen@stafflinethicknessbase=\dimen307
\gre@dimen@glyphraisebase=\dimen308
\gre@dimen@interstafflinedistancebase=\dimen309
\gre@dimen@inclinatumonlinemoravshiftbase=\dimen310
\gre@dimen@inclinatumonlinemorahshiftbase=\dimen311
\gre@dimen@inclinatumofflinemorahshiftbase=\dimen312

(/usr/local/texlive/2023/texmf-dist/tex/luatex/gregoriotex/gregoriotex-gsp-defa
ult.tex)
(/usr/local/texlive/2023/texmf-dist/tex/luatex/gregoriotex/gregoriotex-nabc.tex
)))

******************************************************
Stock height and width: 794.96999pt by 614.295pt
Top and edge trims: 0pt and 0pt
Page height and width: 794.96999pt by 614.295pt
Text height and width: 658pt by 469pt
Spine and edge margins: 60.2417pt and 84.29831pt
Upper and lower margins: 65.7196pt and 71.25038pt
Headheight and headsep: 12pt and 9.60004pt
Footskip: 24pt
Columnsep and columnseprule: 10pt and 0pt
Marginparsep and marginparwidth: 7pt and 70.29831pt
Sidecapsep and sidecapwidth: 7pt and 128pt
Sidebarhsep and sidebarwidth: 7pt and 128pt
Sidebarvsep and sidebartopsep: 12pt and 0pt
Sidebarheight: 548.39996pt
Sidefoothsep and sidefootwidth: 7pt and 128pt
Sidefootvsep and sidefootheight: 12pt and 548.39996pt
******************************************************

)
No file 04-17-2022_Alleluia_Resurrection.aux.

\openout1 = 04-17-2022_Alleluia_Resurrection.aux
LaTeX Font Info:    Checking defaults for OML/cmm/m/it on input line 3.
LaTeX Font Info:    ... okay on input line 3.
LaTeX Font Info:    Checking defaults for OMS/cmsy/m/n on input line 3.
LaTeX Font Info:    ... okay on input line 3.
LaTeX Font Info:    Checking defaults for OT1/cmr/m/n on input line 3.
LaTeX Font Info:    ... okay on input line 3.
LaTeX Font Info:    Checking defaults for T1/cmr/m/n on input line 3.
LaTeX Font Info:    ... okay on input line 3.
LaTeX Font Info:    Checking defaults for TS1/cmr/m/n on input line 3.
LaTeX Font Info:    Trying to load font information for TS1+cmr on input line 3
.
(/usr/local/texlive/2023/texmf-dist/tex/latex/base/ts1cmr.fd
File: ts1cmr.fd 2023/04/13 v2.5m Standard LaTeX font definitions
)
LaTeX Font Info:    ... okay on input line 3.
LaTeX Font Info:    Checking defaults for TU/lmr/m/n on input line 3.
LaTeX Font Info:    ... okay on input line 3.
LaTeX Font Info:    Checking defaults for OMX/cmex/m/n on input line 3.
LaTeX Font Info:    ... okay on input line 3.
LaTeX Font Info:    Checking defaults for U/cmr/m/n on input line 3.
LaTeX Font Info:    ... okay on input line 3.
LaTeX Font Info:    Checking defaults for MDA/cmr/m/n on input line 3.
LaTeX Font Info:    Trying to load font information for MDA+cmr on input line 3
.

(/usr/local/texlive/2023/texmf-dist/tex/latex/mathdesign/mdacmr.fd
File: mdacmr.fd 
)
LaTeX Font Info:    ... okay on input line 3.
LaTeX Font Info:    Checking defaults for MDB/cmr/m/n on input line 3.
LaTeX Font Info:    Trying to load font information for MDB+cmr on input line 3
.

(/usr/local/texlive/2023/texmf-dist/tex/latex/mathdesign/mdbcmr.fd
File: mdbcmr.fd 
)
LaTeX Font Info:    ... okay on input line 3.

(/usr/local/texlive/2023/texmf-dist/tex/context/base/mkii/supp-pdf.mkii
[Loading MPS to PDF converter (version 2006.09.02).]
\scratchcounter=\count388
\scratchdimen=\dimen313
\scratchbox=\box83
\nofMPsegments=\count389
\nofMParguments=\count390
\everyMPshowfont=\toks35
\MPscratchCnt=\count391
\MPscratchDim=\dimen314
\MPnumerator=\count392
\makeMPintoPDFobject=\count393
\everyMPtoPDFconversion=\toks36
) (/usr/local/texlive/2023/texmf-dist/tex/latex/epstopdf-pkg/epstopdf-base.sty
Package: epstopdf-base 2020-01-24 v2.11 Base part for package epstopdf
Package epstopdf-base Info: Redefining graphics rule for `.eps' on input line 4
85.

(/usr/local/texlive/2023/texmf-dist/tex/latex/latexconfig/epstopdf-sys.cfg
File: epstopdf-sys.cfg 2010/07/13 v1.3 Configuration of (r)epstopdf for TeX Liv
e
))
LaTeX Font Info:    Font shape `T1/mdbch/m/n' will be
(Font)              scaled to size 16.58891pt on input line 5.
LaTeX Font Info:    Font shape `T1/mdbch/m/fsc' will be
(Font)              scaled to size 16.58891pt on input line 5.
LaTeX Font Info:    Font shape `T1/mdbch/m/it' will be
(Font)              scaled to size 9.60007pt on input line 7.
Package mdframed Info: mdframed works in twoside mode on input line 10.


LaTeX Warning: Reference `mdf@pagelabel-1' on page 1 undefined on input line 13
.

Module gregoriotex Info: Looking in  on input line 18
Module gregoriotex Info: Found alleluia_psalm_150_1_6.gabc directly on input lin
e 18
Module gregoriotex Info: Looking in  on input line 18
Module gregoriotex Info: Cannot find alleluia_psalm_150_1_6-6_0_0.gtex on input 
line 18
Module gregoriotex Info: The file alleluia_psalm_150_1_6-6_0_0.gtex does not exi
st. Will use gabc file on input line 18
Module gregoriotex Info: compiling the score alleluia_psalm_150_1_6.gabc... on i
nput line 18
Module gregoriotex Info: will use gregorio-6_0_0 on input line 18
(./alleluia_psalm_150_1_6-6_0_0.gtex
Removing  `luaotfload.harf.finalize_vlist' from `post_linebreak_filter'.
Inserting `gregoriotex.post_linebreak' in `post_linebreak_filter'.
Inserting `luaotfload.harf.finalize_vlist' in `post_linebreak_filter'.
Inserting `gregoriotex.disable_hyphenation' in `hyphenate'.
LaTeX Font Info:    Font shape `T1/mdbch/m/n' will be
(Font)              scaled to size 7.68005pt on input line 18.
LaTeX Font Info:    Font shape `T1/mdbch/m/it' will be
(Font)              scaled to size 7.68005pt on input line 18.
LaTeX Font Info:    Font shape `T1/mdbch/b/n' will be
(Font)              scaled to size 9.60007pt on input line 123.
Removing  `gregoriotex.post_linebreak' from `post_linebreak_filter'.
Removing  `gregoriotex.disable_hyphenation' from `hyphenate'.)
(/usr/local/texlive/2023/texmf-dist/tex/generic/babel/locale/la/babel-latin.tex
Package babel Info: Importing basic data for latin
(babel)             from babel-la.ini. Reported on input line 9.
)
(/usr/local/texlive/2023/texmf-dist/tex/generic/hyph-utf8/loadhyph/loadhyph-la.
tex UTF-8 Latin hyphenation patterns
(/usr/local/texlive/2023/texmf-dist/tex/generic/hyph-utf8/patterns/tex/hyph-la.
tex)) (./psalm_150_6.tex
Underfull \hbox (badness 1490) in paragraph at lines 1--2
[]\T1/mdbch/m/n/10 2. Lau-dá-te eum in vir-tú-ti-\T1/mdbch/m/it/10 bus \T1/md
bch/b/n/10 e\T1/mdbch/m/n/10 jus: * lau-dá-te eum
 []


Underfull \hbox (badness 1748) in paragraph at lines 3--4
[]\T1/mdbch/m/n/10 3. Lau-dá-te eum in so-\T1/mdbch/m/it/10 no \T1/mdbch/b/n/1
0 tu\T1/mdbch/m/n/10 bæ: * lau-dá-te eum in
 []

)
LaTeX Font Info:    Font shape `T1/mdbch/m/it' will be
(Font)              scaled to size 8.64006pt on input line 30.
Module gregoriotex Info: Looking in  on input line 34
Module gregoriotex Info: Found alleluia.gabc directly on input line 34
Module gregoriotex Info: Looking in  on input line 34
Module gregoriotex Info: Cannot find alleluia-6_0_0.gtex on input line 34
Module gregoriotex Info: The file alleluia-6_0_0.gtex does not exist. Will use g
abc file on input line 34
Module gregoriotex Info: compiling the score alleluia.gabc... on input line 34
 (./alleluia-6_0_0.gtex
Removing  `luaotfload.harf.finalize_vlist' from `post_linebreak_filter'.
Inserting `gregoriotex.post_linebreak' in `post_linebreak_filter'.
Inserting `luaotfload.harf.finalize_vlist' in `post_linebreak_filter'.
Inserting `gregoriotex.disable_hyphenation' in `hyphenate'.
LaTeX Font Info:    Font shape `T1/mdbch/m/fsc' will be
(Font)              scaled to size 9.60007pt on input line 12.
LaTeX Font Info:    Font shape `T1/mdbch/b/fsc' will be
(Font)              scaled to size 9.60007pt on input line 12.
LaTeX Font Info:    Font shape `T1/mdbch/b/it' will be
(Font)              scaled to size 9.60007pt on input line 12.
Removing  `gregoriotex.post_linebreak' from `post_linebreak_filter'.
Removing  `gregoriotex.disable_hyphenation' from `hyphenate'.)
Package mdframed Info: mdframed works in twoside mode on input line 37.


LaTeX Warning: Reference `mdf@pagelabel-2' on page 1 undefined on input line 40
.

[1


{/usr/local/texlive/2023/texmf-var/fonts/map/pdftex/updmap/pdftex.map}
Missing character: There is no † (U+2020) in font mdbchr8t!
Missing character: There is no ǽ (U+01FD) in font mdbchr8t!
]
Module gregoriotex Info: Looking in  on input line 47
Module gregoriotex Info: Found o_filii_et_filiae_1.gabc directly on input line 4
7
Module gregoriotex Info: Looking in  on input line 47
Module gregoriotex Info: Cannot find o_filii_et_filiae_1-6_0_0.gtex on input lin
e 47
Module gregoriotex Info: The file o_filii_et_filiae_1-6_0_0.gtex does not exist.
 Will use gabc file on input line 47
Module gregoriotex Info: compiling the score o_filii_et_filiae_1.gabc... on inpu
t line 47
 (./o_filii_et_filiae_1-6_0_0.gtex
Removing  `luaotfload.harf.finalize_vlist' from `post_linebreak_filter'.
Inserting `gregoriotex.post_linebreak' in `post_linebreak_filter'.
Inserting `luaotfload.harf.finalize_vlist' in `post_linebreak_filter'.
Inserting `gregoriotex.disable_hyphenation' in `hyphenate'.
LaTeX Font Info:    Font shape `T1/mdbch/m/n' will be
(Font)              scaled to size 38.40027pt on input line 18.

Underfull \hbox (badness 10000) in paragraph at lines 11--461
[]
 []

Removing  `gregoriotex.post_linebreak' from `post_linebreak_filter'.
Removing  `gregoriotex.disable_hyphenation' from `hyphenate'.) (./o_filii_et_fi
liae.tex
Underfull \hbox (badness 2547) in paragraph at lines 31--34
[]\T1/mdbch/m/n/10 7. Ut in-tel-le-xit Di-dy-mus, quia sur-re-xe-rat Je-sus,
 []


Underfull \hbox (badness 1189) in paragraph at lines 55--58
[]\T1/mdbch/m/n/10 11. In hoc fe-sto sanc-tis-si-mo sit laus et ju-bi-la-tio,
 []

)
Package mdframed Info: mdframed works in twoside mode on input line 122.


LaTeX Warning: Reference `mdf@pagelabel-3' on page 2 undefined on input line 12
5.


Underfull \vbox (badness 10000) has occurred while \output is active []

 [2
Missing character: There is no ’ (U+2019) in font mdbchri8t!
]
Underfull \hbox (badness 1117) in paragraph at lines 136--136
\T1/mdbch/m/n/10 Fí-lium tuum, Qui te-cum vi-vit et re-gnat in uni-ta-te
 []

Package mdframed Info: mdframed works in twoside mode on input line 140.

LaTeX Warning: Reference `mdf@pagelabel-4' on page 3 undefined on input line 14
3.

Package mdframed Info: mdframed works in twoside mode on input line 162.

LaTeX Warning: Reference `mdf@pagelabel-5' on page 3 undefined on input line 16
5.

Module gregoriotex Info: Looking in  on input line 178
Module gregoriotex Info: Found regina_caeli.gabc directly on input line 178
Module gregoriotex Info: Looking in  on input line 178
Module gregoriotex Info: Cannot find regina_caeli-6_0_0.gtex on input line 178
Module gregoriotex Info: The file regina_caeli-6_0_0.gtex does not exist. Will u
se gabc file on input line 178
Module gregoriotex Info: compiling the score regina_caeli.gabc... on input line 
178
(./regina_caeli-6_0_0.gtex
Removing  `luaotfload.harf.finalize_vlist' from `post_linebreak_filter'.
Inserting `gregoriotex.post_linebreak' in `post_linebreak_filter'.
Inserting `luaotfload.harf.finalize_vlist' in `post_linebreak_filter'.
Inserting `gregoriotex.disable_hyphenation' in `hyphenate'.
Removing  `gregoriotex.post_linebreak' from `post_linebreak_filter'.
Removing  `gregoriotex.disable_hyphenation' from `hyphenate'.)
Underfull \hbox (badness 10000) in paragraph at lines 193--193

 []


Underfull \hbox (badness 1337) in paragraph at lines 193--193
\T1/mdbch/b/n/10 Ma\T1/mdbch/m/n/10 riam, per-pe-tuae ca-pia-mus gau-dia vi-tae.
 * Per
 []

Package mdframed Info: mdframed works in twoside mode on input line 198.

LaTeX Warning: Reference `mdf@pagelabel-6' on page 3 undefined on input line 20
1.

[3] (./04-17-2022_Alleluia_Resurrection.aux)
 ***********
LaTeX2e <2023-06-01> patch level 1
L3 programming layer <2020/03/25>
 ***********


LaTeX Font Warning: Some font shapes were not available, defaults substituted.


LaTeX Warning: There were undefined references.


LaTeX Warning: Label(s) may have changed. Rerun to get cross-references right.

)

Here is how much of LuaTeX's memory you used:
 29995 strings out of 476835
 156267,1977958 words of node,token memory allocated
 2908 words of node memory still in use:
   10 hlist, 6 vlist, 5 rule, 48 glue, 8 kern, 4 glyph, 390 attribute, 269 glue_
spec, 57 attribute_list, 2 write, 1 user_defined nodes
   avail lists: 1:1,2:10390,3:1677,4:18,5:1796,6:226,7:8533,8:2,9:2490,10:17,11:
448
 51302 multiletter control sequences out of 65536+600000
 56 fonts using 6063455 bytes
 99i,11n,102p,615b,1845s stack positions out of 10000i,1000n,20000p,200000b,200000s
Module gregoriotex Info: Writing 04-17-2022_Alleluia_Resurrection.gaux on input 
line 0
Module gregoriotex Warning: Line heights or variable brace lengths may have chan
ged. Rerun to fix. on input line 0
{/usr/local/texlive/2023/texmf-dist/fonts/enc/dvips/ly1/texnansi.enc}</usr/local
/texlive/2023/texmf-dist/fonts/truetype/public/gregoriotex/greextra.ttf></usr/lo
cal/texlive/2023/texmf-dist/fonts/truetype/public/gregoriotex/greciliae.ttf></us
r/local/texlive/2023/texmf-dist/fonts/type1/bitstrea/charter/bchb8a.pfb></usr/lo
cal/texlive/2023/texmf-dist/fonts/type1/bitstrea/charter/bchr8a.pfb></usr/local/
texlive/2023/texmf-dist/fonts/type1/bitstrea/charter/bchri8a.pfb>
Output written on 04-17-2022_Alleluia_Resurrection.pdf (3 pages, 64047 bytes).

PDF statistics: 41 PDF objects out of 1000 (max. 8388607)
 26 compressed objects within 1 object stream
 0 named destinations out of 1000 (max. 131072)
 1 words of extra memory for PDF output out of 10000 (max. 100000000)

