This is LuaTeX, Version 1.10.0 (TeX Live 2019/Debian)  (format=lualatex 2021.11.17)  17 FEB 2022 02:08
 system commands enabled.
**in-oct-sacred-heart.tex
(./in-oct-sacred-heart.tex
LaTeX2e <2020-02-02> patch level 2
Lua module: luaotfload-main 2020-02-02 3.12 luaotfload entry point
Lua module: luaotfload-init 2020-02-02 3.12 luaotfload submodule / initializatio
n
Lua module: lualibs 2020-02-02 2.70 ConTeXt Lua standard libraries.
Lua module: lualibs-extended 2020-02-02 2.70 ConTeXt Lua libraries -- extended c
ollection.
Lua module: luaotfload-log 2020-02-02 3.12 luaotfload submodule / logging
Lua module: luaotfload-parsers 2020-02-02 3.12 luaotfload submodule / filelist
Lua module: luaotfload-configuration 2020-02-02 3.12 luaotfload submodule / conf
ig file reader
luaotfload | conf : Root cache directory is /home/dan/.texlive2019/texmf-var/lua
tex-cache/generic-dev/names.
luaotfload | init : Loading fontloader “fontloader-2020-01-26.lua” from kpse
-resolved path “/usr/share/texlive/texmf-dist/tex/luatex/luaotfload/fontloader
-2020-01-26.lua”.
Lua-only attribute luaotfload@state = 2
Lua-only attribute luaotfload@noligature = 3
Lua-only attribute luaotfload@syllabe = 4
luaotfload | init : Context OpenType loader version “3.11”
Inserting `luaotfload.node_processor' at position 1 in `pre_linebreak_filter'.
Inserting `luaotfload.node_processor' at position 1 in `hpack_filter'.
Lua module: luaotfload-loaders 2020-02-02 3.12 luaotfload submodule / callback h
andling
Inserting `luaotfload.define_font' at position 1 in `define_font'.
Lua module: luaotfload-database 2020-02-02 3.12 luaotfload submodule / database
Lua module: luaotfload-unicode 2020-02-02 3.12 luaotfload submodule / Unicode he
lpers
Lua module: luaotfload-colors 2020-02-02 3.12 luaotfload submodule / color
Lua-only attribute luaotfload_color_attribute = 5
Lua module: luaotfload-resolvers 2020-02-02 3.12 luaotfload submodule / resolver
s
luaotfload | conf : Root cache directory is /home/dan/.texlive2019/texmf-var/lua
tex-cache/generic-dev/names.
Lua module: luaotfload-features 2020-02-02 3.12 luaotfload submodule / features
Lua module: luaotfload-letterspace 2020-02-02 3.12 luaotfload submodule / color
Lua module: luaotfload-embolden 2020-02-02 3.12 luaotfload submodule / color
Lua module: luaotfload-notdef 2020-02-02 3.12 luaotfload submodule / color
Lua module: luaotfload-auxiliary 2020-02-02 3.12 luaotfload submodule / auxiliar
y functions
Inserting `luaotfload.aux.set_sscale_dimens' at position 1 in `luaotfload.patch_
font'.
Inserting `luaotfload.aux.set_font_index' at position 2 in `luaotfload.patch_fon
t'.
Inserting `luaotfload.aux.patch_cambria_domh' at position 3 in `luaotfload.patch
_font'.
Inserting `luaotfload.aux.fixup_fontdata' at position 1 in `luaotfload.patch_fon
t_unsafe'.
Inserting `luaotfload.aux.set_capheight' at position 4 in `luaotfload.patch_font
'.
Inserting `luaotfload.aux.set_xheight' at position 5 in `luaotfload.patch_font'.
Lua module: luaotfload-fallback 2020-02-02 3.12 luaotfload submodule / fallback
Lua module: luaotfload-multiscript 2020-02-02 3.12 luaotfload submodule / multis
cript
Lua module: luaotfload-script 2020-02-02 3.12 luaotfload submodule / Script help
ers
Lua module: luaotfload-tounicode 2020-02-02 3.12 luaotfload submodule / tounicod
e
Inserting `luaotfload.rewrite_fontname' at position 6 in `luaotfload.patch_font'
. L3 programming layer <2020-02-14> (../vespers-booklet.cls

LaTeX Warning: You have requested document class `../vespers-booklet',
               but the document class provides `vespers-booklet'.

Document Class: vespers-booklet 
(/usr/share/texlive/texmf-dist/tex/latex/memoir/memoir.cls
Document Class: memoir 2019/11/21 v3.7j configurable book, report, article docum
ent class
\onelineskip=\skip47
\lxvchars=\skip48
\xlvchars=\skip49
\@memcnta=\count163
\c@@memmarkcntra=\count164
LaTeX Info: Redefining \InputIfFileExists on input line 140.
(/usr/share/texlive/texmf-dist/tex/generic/iftex/iftex.sty
Package: iftex 2019/11/07 v1.0c TeX engine tests
)
\stockheight=\skip50
\stockwidth=\skip51
\trimtop=\skip52
\trimedge=\skip53

(/usr/share/texlive/texmf-dist/tex/latex/memoir/mem10.clo
File: mem10.clo 2008/01/30 v0.3 memoir class 10pt size option
luaotfload | db : Font names database loaded from /home/dan/.texlive2019/texmf-v
ar/luatex-cache/generic-dev/names/luaotfload-names.luc)
\binding=\skip54
\spinemargin=\skip55
\foremargin=\skip56
\uppermargin=\skip57
\lowermargin=\skip58
\headdrop=\skip59
\normalrulethickness=\skip60
\mem@maxheadheight=\skip61
\mem@maxfootheight=\skip62
\headwidth=\skip63
\c@storedpagenumber=\count165
\memPD=\dimen134
\m@mabparskip=\skip64
\thanksmarkwidth=\skip65
\thanksmarksep=\skip66
\droptitle=\skip67
\c@book=\count166
\c@part=\count167
\c@chapter=\count168
\c@section=\count169
\c@subsection=\count170
\c@subsubsection=\count171
\c@paragraph=\count172
\c@subparagraph=\count173
\beforechapskip=\skip68
\midchapskip=\skip69
\afterchapskip=\skip70
\chapindent=\skip71
\bottomsectionskip=\skip72
\secindent=\skip73
\beforesecskip=\skip74
\aftersecskip=\skip75
\subsecindent=\skip76
\beforesubsecskip=\skip77
\aftersubsecskip=\skip78
\subsubsecindent=\skip79
\beforesubsubsecskip=\skip80
\aftersubsubsecskip=\skip81
\paraindent=\skip82
\beforeparaskip=\skip83
\afterparaskip=\skip84
\subparaindent=\skip85
\beforesubparaskip=\skip86
\aftersubparaskip=\skip87
\pfbreakskip=\skip88
\c@@ppsavesec=\count174
\c@@ppsaveapp=\count175
\ragrparindent=\dimen135
\everylistparindent=\dimen136
\parsepi=\skip89
\topsepi=\skip90
\itemsepi=\skip91
\parsepii=\skip92
\topsepii=\skip93
\topsepiii=\skip94
\itemsepii=\skip95
\itemsepiii=\skip96
\partopsepii=\skip97
\partopsepiii=\skip98
\m@msavetopsep=\skip99
\m@msavepartopsep=\skip100
\@enLab=\toks14
\abstitleskip=\skip101
\absleftindent=\skip102
\abs@leftindent=\dimen137
\absrightindent=\skip103
\absparindent=\skip104
\absparsep=\skip105
\c@vslineno=\count176
\c@poemline=\count177
\c@modulo@vs=\count178
\c@memfvsline=\count179
\vleftskip=\skip106
\vrightskip=\skip107
\stanzaskip=\skip108
\versewidth=\skip109
\vgap=\skip110
\vindent=\skip111
\vleftmargin=\dimen138
\c@verse=\count180
\c@chrsinstr=\count181
\beforepoemtitleskip=\skip112
\afterpoemtitleskip=\skip113
\c@poem=\count182
\beforePoemTitleskip=\skip114
\midPoemTitleskip=\skip115
\afterPoemTitleskip=\skip116

(/usr/share/texlive/texmf-dist/tex/latex/tools/array.sty
Package: array 2019/08/31 v2.4l Tabular extension package (FMi)
\col@sep=\dimen139
\ar@mcellbox=\box45
\extrarowheight=\dimen140
\NC@list=\toks15
\extratabsurround=\skip117
\backup@length=\skip118
\ar@cellbox=\box46
)
(/usr/share/texlive/texmf-dist/tex/latex/tools/dcolumn.sty
Package: dcolumn 2014/10/28 v1.06 decimal alignment package (DPC)
)
(/usr/share/texlive/texmf-dist/tex/latex/tools/delarray.sty
Package: delarray 2014/10/28 v1.01 array delimiter package (DPC)
)
(/usr/share/texlive/texmf-dist/tex/latex/tools/tabularx.sty
Package: tabularx 2020/01/15 v2.11c `tabularx' package (DPC)
\TX@col@width=\dimen141
\TX@old@table=\dimen142
\TX@old@col=\dimen143
\TX@target=\dimen144
\TX@delta=\dimen145
\TX@cols=\count183
\TX@ftn=\toks16
)
\heavyrulewidth=\dimen146
\lightrulewidth=\dimen147
\cmidrulewidth=\dimen148
\belowrulesep=\dimen149
\belowbottomsep=\dimen150
\aboverulesep=\dimen151
\abovetopsep=\dimen152
\cmidrulesep=\dimen153
\cmidrulekern=\dimen154
\defaultaddspace=\dimen155
\@cmidla=\count184
\@cmidlb=\count185
\@aboverulesep=\dimen156
\@belowrulesep=\dimen157
\@thisruleclass=\count186
\@lastruleclass=\count187
\@thisrulewidth=\dimen158
\ctableftskip=\skip119
\ctabrightskip=\skip120
\abovecolumnspenalty=\count188
\@linestogo=\count189
\@cellstogo=\count190
\@cellsincolumn=\count191
\crtok=\toks17
\@mincolumnwidth=\dimen159
\c@newflo@tctr=\count192
\mem@margin@floatbox=\box47
\@contcwidth=\skip121
\@contindw=\skip122
\abovecaptionskip=\skip123
\belowcaptionskip=\skip124
\subfloattopskip=\skip125
\subfloatcapskip=\skip126
\subfloatcaptopadj=\skip127
\subfloatbottomskip=\skip128
\subfloatlabelskip=\skip129
\subfloatcapmargin=\dimen160
\c@@contsubnum=\count193
\m@mscap@capbox=\box48
\m@mscap@fbox=\box49
\sidecapsep=\dimen161
\sidecapwidth=\dimen162
\m@m@tempdima=\dimen163
\m@mscapraise=\dimen164
\sidecapraise=\dimen165
\m@mscapmainwidth=\dimen166
\m@mscaplkern=\dimen167
\beforeepigraphskip=\skip130
\afterepigraphskip=\skip131
\epigraphwidth=\skip132
\epigraphrule=\skip133
LaTeX Info: Redefining \em on input line 7662.
LaTeX Info: Redefining \emph on input line 7670.
\tocentryskip=\skip134
\tocbaseline=\skip135
\cftparskip=\skip136
\cftbeforebookskip=\skip137
\cftbookindent=\dimen168
\cftbooknumwidth=\dimen169
\cftbeforepartskip=\skip138
\cftpartindent=\skip139
\cftpartnumwidth=\skip140
\cftbeforechapterskip=\skip141
\cftchapterindent=\skip142
\cftchapternumwidth=\skip143
\cftbeforesectionskip=\skip144
\cftsectionindent=\skip145
\cftsectionnumwidth=\skip146
\cftbeforesubsectionskip=\skip147
\cftsubsectionindent=\skip148
\cftsubsectionnumwidth=\skip149
\cftbeforesubsubsectionskip=\skip150
\cftsubsubsectionindent=\skip151
\cftsubsubsectionnumwidth=\skip152
\cftbeforeparagraphskip=\skip153
\cftparagraphindent=\skip154
\cftparagraphnumwidth=\skip155
\cftbeforesubparagraphskip=\skip156
\cftsubparagraphindent=\skip157
\cftsubparagraphnumwidth=\skip158
\prechapterprecisshift=\dimen170
\c@maxsecnumdepth=\count194
\bibindent=\dimen171
\bibitemsep=\skip159
\indexcolsep=\skip160
\indexrule=\skip161
\indexmarkstyle=\toks18
\@indexbox=\insert199
\glossarycolsep=\dimen172
\glossaryrule=\dimen173
\sideparvshift=\skip162
\sideins=\insert198
\sidebartopsep=\skip163
\sidebarhsep=\skip164
\sidebarvsep=\skip165
\sidebarwidth=\skip166
\footmarkwidth=\skip167
\footmarksep=\skip168
\footparindent=\skip169
\footinsdim=\skip170
\footinsv@r=\insert197
\@mpfootinsv@r=\insert196
\m@m@k=\count195
\m@m@h=\dimen174
\m@mipn@skip=\skip171
\sidefootins=\insert252
\sidefootadjust=\skip172
\sidefootheight=\skip173
\sidefoothsep=\skip174
\sidefootvsep=\skip175
\sidefootwidth=\skip176
\m@mdownsf=\skip177
\c@sidefootnote=\count266
\sidefootmarkwidth=\skip178
\sidefootmarksep=\skip179
\sidefootparindent=\skip180
\c@pagenote=\count267
\c@pagenoteshadow=\count268
\mem@pn@lastkern=\skip181
\every@verbatim=\toks19
\afterevery@verbatim=\toks20
\verbatim@line=\toks21
\tab@position=\count269
\verbatim@in@stream=\read2
\verbatimindent=\skip182
\verbatim@out=\write3
\bvboxsep=\skip183
\c@memfbvline=\count270
\c@bvlinectr=\count271
\bvnumlength=\skip184
\fb@frw=\dimen175
\fb@frh=\dimen176
\FrameRule=\dimen177
\FrameSep=\dimen178
\c@cp@cntr=\count272
LaTeX Info: Redefining \: on input line 12187.
LaTeX Info: Redefining \! on input line 12189.
\c@ism@mctr=\count273
\c@xsm@mctr=\count274
\c@csm@mctr=\count275
\c@ksm@mctr=\count276
\c@xksm@mctr=\count277
\c@cksm@mctr=\count278
\c@msm@mctr=\count279
\c@xmsm@mctr=\count280
\c@cmsm@mctr=\count281
\c@bsm@mctr=\count282
\c@workm@mctr=\count283
\c@sheetsequence=\count284
\c@lastsheet=\count285
\c@lastpage=\count286

(/usr/share/texlive/texmf-dist/tex/latex/textcase/textcase.sty
Package: textcase 2019/09/14 v1.00 Text only upper/lower case changing (DPC)
)
\c@figure=\count287
\c@lofdepth=\count288
\cftbeforefigureskip=\skip185
\cftfigureindent=\skip186
\cftfigurenumwidth=\skip187
\c@table=\count289
\c@lotdepth=\count290
\cftbeforetableskip=\skip188
\cfttableindent=\skip189
\cfttablenumwidth=\skip190
Package abstract [2008/07/23] emulated by memoir.
Package appendix [2008/07/23] emulated by memoir.
Package booktabs [2016/05/16] emulated by memoir.
Package ccaption [2008/07/23] emulated by memoir.
Package changepage [2008/07/23] emulated by memoir.
Package chngcntr [2008/07/23] emulated by memoir.
Package chngpage [2008/07/23] emulated by memoir.
Package crop emulated by memoir.
Package enumerate [2008/07/23] emulated by memoir.
Package epigraph [2008/07/23] emulated by memoir.
Package ifmtarg [2008/07/23] emulated by memoir.
Package index [2008/07/23] emulated by memoir.
Package makeidx [2008/07/23] emulated by memoir.
Package moreverb [2008/07/23] emulated by memoir.
Package mparhack [2008/07/23] emulated by memoir.
Package needspace [2008/07/23] emulated by memoir.
Package newfile [2008/07/23] emulated by memoir.
Package nextpage [2008/07/23] emulated by memoir.
Package pagenote [2008/07/23] emulated by memoir.
Package parskip [2008/07/23] emulated by memoir.
Package patchcmd [2008/07/23] emulated by memoir.
Package setspace [2008/07/23] emulated by memoir.
Package shortvrb [2008/07/23] emulated by memoir.
Package showidx [2008/07/23] emulated by memoir.
Package titleref [2008/07/23] emulated by memoir.
Package titling [2008/07/23] emulated by memoir.
Package tocbibind [2008/07/23] emulated by memoir.
Package tocloft [2008/07/23] emulated by memoir.
Package tocvsec2 [2008/07/23] emulated by memoir.
Package verbatim [2008/07/23] emulated by memoir.
Package verse [2008/07/23] emulated by memoir.
)
(/usr/share/texlive/texmf-dist/tex/latex/base/inputenc.sty
Package: inputenc 2018/08/11 v1.3c Input encoding file
\inpenc@prehook=\toks22
\inpenc@posthook=\toks23


Package inputenc Warning: inputenc package ignored with utf8 based engines.

) (/usr/share/texlive/texmf-dist/tex/latex/mathdesign/mathdesign.sty
Package: mathdesign 2013/08/29 v2.31 Math Design Project

(/usr/share/texlive/texmf-dist/tex/latex/graphics/keyval.sty
Package: keyval 2014/10/28 v1.15 key=value parser (DPC)
\KV@toks@=\toks24
)
(/usr/share/texlive/texmf-dist/tex/latex/base/ifthen.sty
Package: ifthen 2014/09/29 v1.1c Standard LaTeX ifthen package (DPC)
)
(/usr/share/texlive/texmf-dist/tex/latex/mathdesign/mdbch/mdbch.cfg)
(/usr/share/texlive/texmf-dist/tex/latex/mathdesign/mdbch/mdbch.sty
Package: mdbch 2013/08/29 v2.31 bitstream bitstream charter + mdbch (Math Design
 Project)

(/usr/share/texlive/texmf-dist/tex/latex/mathdesign/mdfont.def
File: mdfont.def 2013/08/29 v2.31 (Math Design Project)
)
(/usr/share/texlive/texmf-dist/tex/latex/mathdesign/mdsffont.def
File: mdsffont.def 2013/08/29 v2.31 (Math Design Project)
)
(/usr/share/texlive/texmf-dist/tex/latex/mathdesign/mdttfont.def
File: mdttfont.def 2013/08/29 v2.31 (Math Design Project)
)
\symmdcal=\mathgroup4
LaTeX Font Info:    Overwriting symbol font `mdcal' in version `bold'
(Font)                  OMS/mdbch/m/n --> OMS/mdbch/b/n on input line 97.
\symmdscr=\mathgroup5
LaTeX Font Info:    Overwriting symbol font `mdscr' in version `bold'
(Font)                  OMS/mdbch/m/n --> OMS/mdbch/b/n on input line 103.
LaTeX Font Info:    Overwriting math alphabet `\mathfrak' in version `bold'
(Font)                  U/xmdeuf/m/n --> U/xmdeuf/b/n on input line 110.
LaTeX Font Info:    Overwriting symbol font `operators' in version `normal'
(Font)                  OT1/cmr/m/n --> OT1/mdbch/m/n on input line 121.
LaTeX Font Info:    Overwriting symbol font `letters' in version `normal'
(Font)                  OML/cmm/m/it --> OML/mdbch/m/it on input line 122.
LaTeX Font Info:    Overwriting symbol font `symbols' in version `normal'
(Font)                  OMS/cmsy/m/n --> OMS/mdbch/m/n on input line 123.
LaTeX Font Info:    Overwriting symbol font `largesymbols' in version `normal'
(Font)                  OMX/cmex/m/n --> OMX/mdbch/m/n on input line 124.
LaTeX Font Info:    Overwriting symbol font `operators' in version `bold'
(Font)                  OT1/cmr/bx/n --> OT1/mdbch/b/n on input line 126.
LaTeX Font Info:    Overwriting symbol font `letters' in version `bold'
(Font)                  OML/cmm/b/it --> OML/mdbch/b/it on input line 127.
LaTeX Font Info:    Overwriting symbol font `symbols' in version `bold'
(Font)                  OMS/cmsy/b/n --> OMS/mdbch/b/n on input line 128.
LaTeX Font Info:    Overwriting symbol font `largesymbols' in version `bold'
(Font)                  OMX/cmex/m/n --> OMX/mdbch/b/n on input line 129.
LaTeX Font Info:    Overwriting math alphabet `\mathrm' in version `normal'
(Font)                  OT1/mdbch/m/n --> TU/mdbch/m/n on input line 131.
LaTeX Font Info:    Overwriting math alphabet `\mathbf' in version `normal'
(Font)                  OT1/cmr/bx/n --> TU/mdbch/b/n on input line 132.
LaTeX Font Info:    Overwriting math alphabet `\mathit' in version `normal'
(Font)                  OT1/cmr/m/it --> TU/mdbch/m/it on input line 133.
LaTeX Font Info:    Overwriting math alphabet `\mathsf' in version `normal'
(Font)                  OT1/cmss/m/n --> TU/lmss/m/n on input line 134.
LaTeX Font Info:    Overwriting math alphabet `\mathtt' in version `normal'
(Font)                  OT1/cmtt/m/n --> TU/lmtt/m/n on input line 135.
LaTeX Font Info:    Overwriting math alphabet `\mathrm' in version `bold'
(Font)                  OT1/mdbch/b/n --> TU/mdbch/b/n on input line 137.
LaTeX Font Info:    Overwriting math alphabet `\mathbf' in version `bold'
(Font)                  OT1/cmr/bx/n --> TU/mdbch/b/n on input line 138.
LaTeX Font Info:    Overwriting math alphabet `\mathit' in version `bold'
(Font)                  OT1/cmr/bx/it --> TU/mdbch/b/it on input line 139.
LaTeX Font Info:    Overwriting math alphabet `\mathsf' in version `bold'
(Font)                  OT1/cmss/bx/n --> TU/lmss/b/n on input line 140.
LaTeX Font Info:    Overwriting math alphabet `\mathtt' in version `bold'
(Font)                  OT1/cmtt/m/n --> TU/lmtt/b/n on input line 141.
\symlettersupright=\mathgroup6
LaTeX Font Info:    Overwriting symbol font `lettersupright' in version `bold'
(Font)                  OML/mdbch/m/n --> OML/mdbch/b/n on input line 144.
LaTeX Font Info:    Redeclaring math alphabet \mathrm on input line 145.
LaTeX Font Info:    Overwriting math alphabet `\mathcal' in version `normal'
(Font)                  OMS/mdbch/m/n --> OMS/mdbch/m/n on input line 167.

(/usr/share/texlive/texmf-dist/tex/latex/xkeyval/xkeyval.sty
Package: xkeyval 2014/12/03 v2.7a package option processing (HA)

(/usr/share/texlive/texmf-dist/tex/generic/xkeyval/xkeyval.tex
(/usr/share/texlive/texmf-dist/tex/generic/xkeyval/xkvutils.tex
\XKV@toks=\toks25
\XKV@tempa@toks=\toks26
)
\XKV@depth=\count291
File: xkeyval.tex 2014/12/03 v2.7a key=value parser (HA)
))
LaTeX Font Info:    Trying to load font information for TU+mdbch on input line 1
86.
LaTeX Font Info:    No file TUmdbch.fd. on input line 186.


LaTeX Font Warning: Font shape `TU/mdbch/m/n' undefined
(Font)              using `TU/lmr/m/n' instead on input line 186.

LaTeX Font Info:    Redeclaring math accent \widetilde on input line 449.
LaTeX Font Info:    Redeclaring math accent \widehat on input line 450.
\symmathdesignA=\mathgroup7
LaTeX Font Info:    Overwriting symbol font `mathdesignA' in version `bold'
(Font)                  MDA/mdbch/m/n --> MDA/mdbch/b/n on input line 491.
\symmathdesignB=\mathgroup8
LaTeX Font Info:    Overwriting symbol font `mathdesignB' in version `bold'
(Font)                  MDB/mdbch/m/n --> MDB/mdbch/b/n on input line 498.
\@emptytoks=\toks27
LaTeX Font Info:    Redeclaring math accent \widetilde on input line 532.
LaTeX Font Info:    Redeclaring math accent \widehat on input line 533.
\rulethickness=\skip191
) (/usr/share/texlive/texmf-dist/tex/latex/base/fontenc.sty
Package: fontenc 2020/02/11 v2.0o Standard LaTeX package
LaTeX Font Info:    Trying to load font information for T1+mdbch on input line 1
12.

(/usr/share/texlive/texmf-dist/tex/latex/mathdesign/mdbch/t1mdbch.fd
File: t1mdbch.fd 2013/08/29 Fontinst v1.933 font definitions for T1/mdbch.
)
LaTeX Font Info:    Font shape `T1/mdbch/m/n' will be
(Font)              scaled to size 9.60007pt on input line 112.
))
(/usr/share/texlive/texmf-dist/tex/latex/titlesec/titlesec.sty
Package: titlesec 2019/10/16 v2.13 Sectioning titles
\ttl@box=\box50
\beforetitleunit=\skip192
\aftertitleunit=\skip193
\ttl@plus=\dimen179
\ttl@minus=\dimen180
\ttl@toksa=\toks28
\titlewidth=\dimen181
\titlewidthlast=\dimen182
\titlewidthfirst=\dimen183
)
(/usr/share/texlive/texmf-dist/tex/latex/paracol/paracol.sty
Package: paracol 2018/12/31 v1.35 
\pcol@currcol=\count292
\pcol@nextcol=\count293
\pcol@ncol=\count294
\pcol@ncolleft=\count295
\pcol@page=\count296
\pcol@basepage=\count297
\pcol@toppage=\count298
\pcol@footnotebase=\count299
\pcol@nfootnotes=\count300
\pcol@mcid=\count301
\pcol@prevdepth=\dimen184
\pcol@colht=\dimen185
\pcol@textfloatsep=\dimen186
\pcol@lrmargin=\dimen187
\pagerim=\dimen188
\pcol@topskip=\skip194
\belowfootnoteskip=\skip195
\pcol@topfnotes=\box51
\pcol@prespan=\box52
\pcol@rightpage=\box53
\pcol@colorstack@saved=\box54
\pcol@tempboxa=\box55
\pcol@tempboxb=\box56
\pcol@colorins=\insert251
\pcol@everyvbox=\toks29
)
(/usr/share/texlive/texmf-dist/tex/latex/mdframed/mdframed.sty
Package: mdframed 2013/07/01 1.9b: mdframed

(/usr/share/texlive/texmf-dist/tex/latex/kvoptions/kvoptions.sty
Package: kvoptions 2019/11/29 v3.13 Key value format for package options (HO)

(/usr/share/texlive/texmf-dist/tex/generic/ltxcmds/ltxcmds.sty
Package: ltxcmds 2019/12/15 v1.24 LaTeX kernel commands for general use (HO)
)
(/usr/share/texlive/texmf-dist/tex/generic/kvsetkeys/kvsetkeys.sty
Package: kvsetkeys 2019/12/15 v1.18 Key value parser (HO)
))
(/usr/share/texlive/texmf-dist/tex/latex/l3packages/xparse/xparse.sty
(/usr/share/texlive/texmf-dist/tex/latex/l3kernel/expl3.sty
Package: expl3 2020-02-14 L3 programming layer (loader) 

(/usr/share/texlive/texmf-dist/tex/latex/l3backend/l3backend-pdfmode.def
File: l3backend-pdfmode.def 2020-02-03 L3 backend support: PDF mode
\l__kernel_color_stack_int=\count302
\l__pdf_internal_box=\box57
))
Package: xparse 2020-02-14 L3 Experimental document command parser
\l__xparse_current_arg_int=\count303
\g__xparse_grabber_int=\count304
\l__xparse_m_args_int=\count305
\l__xparse_v_nesting_int=\count306
)
(/usr/share/texlive/texmf-dist/tex/latex/etoolbox/etoolbox.sty
Package: etoolbox 2019/09/21 v2.5h e-TeX tools for LaTeX (JAW)
\etb@tempcnta=\count307
)
(/usr/share/texlive/texmf-dist/tex/latex/zref/zref-abspage.sty
Package: zref-abspage 2019/11/29 v2.28 Module abspage for zref (HO)

(/usr/share/texlive/texmf-dist/tex/latex/zref/zref-base.sty
Package: zref-base 2019/11/29 v2.28 Module base for zref (HO)

(/usr/share/texlive/texmf-dist/tex/generic/infwarerr/infwarerr.sty
Package: infwarerr 2019/12/03 v1.5 Providing info/warning/error messages (HO)
)
(/usr/share/texlive/texmf-dist/tex/generic/kvdefinekeys/kvdefinekeys.sty
Package: kvdefinekeys 2019-12-19 v1.6 Define keys (HO)
)
(/usr/share/texlive/texmf-dist/tex/latex/pdftexcmds/pdftexcmds.sty
Package: pdftexcmds 2019/11/24 v0.31 Utility functions of pdfTeX for LuaTeX (HO)

Package pdftexcmds Info: \pdf@primitive is available.
Package pdftexcmds Info: \pdf@ifprimitive is available.
Package pdftexcmds Info: \pdfdraftmode found.
\pdftexcmds@toks=\toks30
)
(/usr/share/texlive/texmf-dist/tex/generic/etexcmds/etexcmds.sty
Package: etexcmds 2019/12/15 v1.7 Avoid name clashes with e-TeX commands (HO)
)
(/usr/share/texlive/texmf-dist/tex/latex/auxhook/auxhook.sty
Package: auxhook 2019-12-17 v1.6 Hooks for auxiliary files (HO)
)
Package zref Info: New property list: main on input line 763.
Package zref Info: New property: default on input line 764.
Package zref Info: New property: page on input line 765.
)
(/usr/share/texlive/texmf-dist/tex/generic/atbegshi/atbegshi.sty
Package: atbegshi 2019/12/05 v1.19 At begin shipout hook (HO)
)
\c@abspage=\count308
Package zref Info: New property: abspage on input line 66.
)
(/usr/share/texlive/texmf-dist/tex/latex/graphics/color.sty
Package: color 2019/11/23 v1.2a Standard LaTeX Color (DPC)

(/usr/share/texlive/texmf-dist/tex/latex/graphics-cfg/color.cfg
File: color.cfg 2016/01/02 v1.6 sample color configuration
)
Package color Info: Driver file: luatex.def on input line 147.

(/usr/share/texlive/texmf-dist/tex/latex/graphics-def/luatex.def
File: luatex.def 2018/01/08 v1.0l Graphics/color driver for luatex
))
\mdf@templength=\skip256
\c@mdf@globalstyle@cnt=\count309
\mdf@skipabove@length=\skip257
\mdf@skipbelow@length=\skip258
\mdf@leftmargin@length=\skip259
\mdf@rightmargin@length=\skip260
\mdf@innerleftmargin@length=\skip261
\mdf@innerrightmargin@length=\skip262
\mdf@innertopmargin@length=\skip263
\mdf@innerbottommargin@length=\skip264
\mdf@splittopskip@length=\skip265
\mdf@splitbottomskip@length=\skip266
\mdf@outermargin@length=\skip267
\mdf@innermargin@length=\skip268
\mdf@linewidth@length=\skip269
\mdf@innerlinewidth@length=\skip270
\mdf@middlelinewidth@length=\skip271
\mdf@outerlinewidth@length=\skip272
\mdf@roundcorner@length=\skip273
\mdf@footenotedistance@length=\skip274
\mdf@userdefinedwidth@length=\skip275
\mdf@needspace@length=\skip276
\mdf@frametitleaboveskip@length=\skip277
\mdf@frametitlebelowskip@length=\skip278
\mdf@frametitlerulewidth@length=\skip279
\mdf@frametitleleftmargin@length=\skip280
\mdf@frametitlerightmargin@length=\skip281
\mdf@shadowsize@length=\skip282
\mdf@extratopheight@length=\skip283
\mdf@subtitleabovelinewidth@length=\skip284
\mdf@subtitlebelowlinewidth@length=\skip285
\mdf@subtitleaboveskip@length=\skip286
\mdf@subtitlebelowskip@length=\skip287
\mdf@subtitleinneraboveskip@length=\skip288
\mdf@subtitleinnerbelowskip@length=\skip289
\mdf@subsubtitleabovelinewidth@length=\skip290
\mdf@subsubtitlebelowlinewidth@length=\skip291
\mdf@subsubtitleaboveskip@length=\skip292
\mdf@subsubtitlebelowskip@length=\skip293
\mdf@subsubtitleinneraboveskip@length=\skip294
\mdf@subsubtitleinnerbelowskip@length=\skip295

(/usr/share/texlive/texmf-dist/tex/latex/mdframed/md-frame-0.mdf
File: md-frame-0.mdf 2013/07/01\ 1.9b: md-frame-0
)
\mdf@frametitlebox=\box58
\mdf@footnotebox=\box59
\mdf@splitbox@one=\box60
\mdf@splitbox@two=\box61
\mdf@splitbox@save=\box62
\mdfsplitboxwidth=\skip296
\mdfsplitboxtotalwidth=\skip297
\mdfsplitboxheight=\skip298
\mdfsplitboxdepth=\skip299
\mdfsplitboxtotalheight=\skip300
\mdfframetitleboxwidth=\skip301
\mdfframetitleboxtotalwidth=\skip302
\mdfframetitleboxheight=\skip303
\mdfframetitleboxdepth=\skip304
\mdfframetitleboxtotalheight=\skip305
\mdffootnoteboxwidth=\skip306
\mdffootnoteboxtotalwidth=\skip307
\mdffootnoteboxheight=\skip308
\mdffootnoteboxdepth=\skip309
\mdffootnoteboxtotalheight=\skip310
\mdftotallinewidth=\skip311
\mdfboundingboxwidth=\skip312
\mdfboundingboxtotalwidth=\skip313
\mdfboundingboxheight=\skip314
\mdfboundingboxdepth=\skip315
\mdfboundingboxtotalheight=\skip316
\mdf@freevspace@length=\skip317
\mdf@horizontalwidthofbox@length=\skip318
\mdf@verticalmarginwhole@length=\skip319
\mdf@horizontalspaceofbox=\skip320
\mdfsubtitleheight=\skip321
\mdfsubsubtitleheight=\skip322
\c@mdfcountframes=\count310

****** mdframed patching \endmdf@trivlist

****** -- success******

\mdf@envdepth=\count311
\c@mdf@env@i=\count312
\c@mdf@env@ii=\count313
\c@mdf@zref@counter=\count314
Package zref Info: New property: mdf@pagevalue on input line 895.
)
(/usr/share/texlive/texmf-dist/tex/generic/babel/babel.sty
Package: babel 2020/02/14 3.40 The Babel package

(/usr/share/texlive/texmf-dist/tex/generic/babel/switch.def
File: switch.def 2020/02/14 3.40 Babel switching mechanism
)
(/usr/share/texlive/texmf-dist/tex/generic/babel/luababel.def
\bbl@readstream=\read3
\l@dumylang=\language2
Package babel Info: Non-standard hyphenation setup on input line 117.
\l@nohyphenation=\language3
\l@ukenglish=\language4
\l@usenglishmax=\language5
)
Package babel Info: You haven't specified a language. I'll use 'nil'
(babel)             as the main language. Reported on input line 572.

(/usr/share/texlive/texmf-dist/tex/generic/babel/nil.ldf
Language: nil 2020/02/14 3.40 Nil language

(/usr/share/texlive/texmf-dist/tex/generic/babel/babel.def
File: babel.def 2020/02/14 3.40 Babel common definitions
\babel@savecnt=\count315
\U@D=\dimen189

(/usr/share/texlive/texmf-dist/tex/generic/babel/luababel.def
\bbl@attr@locale=\attribute6
))
\l@nil=\language6
))
(/usr/local/share/texmf/tex/lualatex/gregoriotex/gregoriotex.sty
Package: gregoriotex 2021/03/13 v6.0.0 GregorioTeX system.

(/usr/share/texlive/texmf-dist/tex/latex/xcolor/xcolor.sty
Package: xcolor 2016/05/11 v2.12 LaTeX color extensions (UK)

(/usr/share/texlive/texmf-dist/tex/latex/graphics-cfg/color.cfg
File: color.cfg 2016/01/02 v1.6 sample color configuration
)
Package xcolor Info: Driver file: luatex.def on input line 225.
LaTeX Info: Redefining \color on input line 709.
Package xcolor Info: Model `cmy' substituted by `cmy0' on input line 1348.
Package xcolor Info: Model `hsb' substituted by `rgb' on input line 1352.
Package xcolor Info: Model `RGB' extended on input line 1364.
Package xcolor Info: Model `HTML' substituted by `rgb' on input line 1366.
Package xcolor Info: Model `Hsb' substituted by `hsb' on input line 1367.
Package xcolor Info: Model `tHsb' substituted by `hsb' on input line 1368.
Package xcolor Info: Model `HSB' substituted by `hsb' on input line 1369.
Package xcolor Info: Model `Gray' substituted by `gray' on input line 1370.
Package xcolor Info: Model `wave' substituted by `hsb' on input line 1371.
)
(/usr/share/texlive/texmf-dist/tex/latex/luacolor/luacolor.sty
Package: luacolor 2019/11/29 v1.13 Color support via LuaTeX's attributes (HO)
\LuaCol@Attribute=\attribute7
)
(/usr/share/texlive/texmf-dist/tex/latex/graphics/graphicx.sty
Package: graphicx 2019/11/30 v1.2a Enhanced LaTeX Graphics (DPC,SPQR)

(/usr/share/texlive/texmf-dist/tex/latex/graphics/graphics.sty
Package: graphics 2019/11/30 v1.4a Standard LaTeX Graphics (DPC,SPQR)

(/usr/share/texlive/texmf-dist/tex/latex/graphics/trig.sty
Package: trig 2016/01/03 v1.10 sin cos tan (DPC)
)
(/usr/share/texlive/texmf-dist/tex/latex/graphics-cfg/graphics.cfg
File: graphics.cfg 2016/06/04 v1.11 sample graphics configuration
)
Package graphics Info: Driver file: luatex.def on input line 105.
)
\Gin@req@height=\dimen190
\Gin@req@width=\dimen191
)
(/usr/share/texlive/texmf-dist/tex/luatex/luatexbase/luatexbase.sty
Package: luatexbase 2015/10/04 v1.3 luatexbase interface to LuaTeX 

(/usr/share/texlive/texmf-dist/tex/luatex/ctablestack/ctablestack.sty
Package: ctablestack 2015/10/01 v1.0 Catcode table stable support
\@catcodetablestackcnt=\count316
)
\CatcodeTableOther=\catcodetable5
\CatcodeTableExpl=\catcodetable6
)
(/usr/share/texlive/texmf-dist/tex/luatex/luamplib/luamplib.sty
Package: luamplib 2019/12/11 v2.20.4 mplib package for LuaTeX
Lua module: luamplib 2019/12/11 2.20.4 Lua package to typeset Metapost with LuaT
eX's MPLib.
\mplibtmptoks=\toks31
\everymplibtoks=\toks32
\everyendmplibtoks=\toks33
\mplibscratchbox=\box63
)
(/usr/share/texlive/texmf-dist/tex/generic/xstring/xstring.sty
(/usr/share/texlive/texmf-dist/tex/generic/xstring/xstring.tex
\integerpart=\count317
\decimalpart=\count318
)
Package: xstring 2019/02/06 v1.83 String manipulations (CT)
)
(/usr/local/share/texmf/tex/luatex/gregoriotex/gregoriotex-main.tex
(/usr/local/share/texmf/tex/luatex/gregoriotex/gregoriotex-common.tex)
\gre@attr@dash=\attribute8
\gre@attr@center=\attribute9
\GreScoreId=\attribute10
\gre@attr@glyph@id=\attribute11
\gre@attr@glyph@top=\attribute12
\gre@attr@glyph@bottom=\attribute13
\gre@attr@syllable@id=\attribute14
\gre@atletter=\catcodetable7
Lua module: gregoriotex 2021/03/13 6.0.0 GregorioTeX module.
Custom whatsit marker = 1
Module gregoriotex Info: marker whatsit id is 1 on input line 121

(in-oct-sacred-heart.gaux)
Module gregoriotex Info: Reading in-oct-sacred-heart.gaux on input line 125
Inserting `gregoriotex.write_greaux' at position 1 in `finish_pdffile'.
\gre@gaux=\write4
\gre@read@temp=\read4
\gre@factor=\count319

(/usr/local/share/texmf/tex/luatex/gregoriotex/gregoriotex-spaces.tex
\gre@saved@prescore@hyphenpenalty=\count320
\gre@saved@prescore@exhyphenpenalty=\count321
\gre@saved@prescore@exhyphenchar=\count322
\gre@saved@prescore@doublehyphendemerits=\count323
\gre@saved@prescore@finalhyphendemerits=\count324
\gre@saved@prescore@brokenpenalty=\count325
\gre@saved@prescore@looseness=\count326
\gre@saved@prescore@tolerance=\count327
\gre@saved@prescore@pretolerance=\count328
\gre@saved@prescore@emergencystretch=\skip323
\gre@saved@prescore@widowpenalty=\count329
\gre@saved@prescore@clubpenalty=\count330
\gre@saved@prescore@parskip=\skip324
\gre@saved@prescore@lineskip=\skip325
\gre@saved@prescore@baselineskip=\skip326
\gre@saved@prescore@lineskiplimit=\skip327
\gre@dimen@textlower=\dimen192
\gre@dimen@stafflinewidth=\dimen193
\gre@dimen@linewidth=\dimen194
\gre@dimen@stafflineheight=\dimen195
\gre@dimen@interstafflinespace=\dimen256
\gre@dimen@stafflinediff=\dimen257
\gre@dimen@constantglyphraise=\dimen258
\gre@dimen@staffheight=\dimen259
\gre@skip@syllablefinalskip=\skip328
\gre@skip@minTextDistance=\skip329
\gre@skip@minNotesDistance=\skip330
\gre@dimen@curTextDistance=\dimen260
\gre@dimen@curNotesDistance=\dimen261
\gre@skip@minShiftText=\skip331
\gre@skip@minShiftNotes=\skip332
\gre@dimen@bolshift=\dimen262
\gre@dimen@bolextra=\dimen263
\gre@dimen@clefwidth@current=\dimen264
\gre@dimen@clefwidth@largest=\dimen265
\gre@dimen@clefwidth@bol=\dimen266
\gre@dimen@eolshift=\dimen267
\gre@dimen@glyphraisevalue=\dimen268
\gre@dimen@additionalbottomspace=\dimen269
\gre@dimen@additionaltopspace=\dimen270
\gre@dimen@additionaltopspacealt=\dimen271
\gre@dimen@additionaltopspacenabc=\dimen272
\gre@space@count@additionaltopspacethreshold=\count331
\gre@space@count@additionaltopspacealtthreshold=\count332
\gre@space@count@additionaltopspacenabcthreshold=\count333
\gre@space@count@noteadditionalspacelinestextthreshold=\count334
\gre@saved@prediscretionary@dimen@additionalbottomspace=\dimen273
\gre@saved@prediscretionary@dimen@additionaltopspace=\dimen274
\gre@saved@prediscretionary@dimen@additionaltopspacealt=\dimen275
\gre@saved@prediscretionary@dimen@additionaltopspacenabc=\dimen276
\gre@saved@prediscretionary@dimen@currenttranslationheight=\dimen277
\gre@saved@prediscretionary@dimen@textlower=\dimen278
\gre@saved@prediscretionary@dimen@currentabovelinestextheight=\dimen279
\gre@saved@prediscretionary@dimen@constantglyphraise=\dimen280
\gre@dimen@textaligncenter=\dimen281
\gre@dimen@enddifference=\dimen282
\gre@dimen@previousenddifference=\dimen283
\gre@dimen@currenttranslationheight=\dimen284
\gre@skip@nextbegindifference=\skip333
\gre@dimen@annotationtrueraise=\dimen285
\gre@dimen@commentarytrueraise=\dimen286
\gre@skip@bar@requirement=\skip334
\gre@skip@bar@allocation=\skip335
\gre@dimen@bar@shift=\dimen287
\gre@skip@text@requirement=\skip336
\gre@skip@text@allocation=\skip337
\gre@dimen@text@shift=\dimen288
\gre@dimen@adjustedpreviousenddifference=\dimen289
\gre@skip@adjustednextbegindifference=\dimen290
\gre@skip@punctummorashift=\skip338
\gre@skip@alterationshift=\skip339
\gre@dimen@begindifference=\dimen291
\gre@dimen@lastglyphwidth=\dimen292
\gre@dimen@notesaligncenter=\dimen293
\gre@dimen@additionalleftspace=\dimen294
\gre@dimen@initialwidth=\dimen295
\gre@dimen@currentabovelinestextheight=\dimen296
\gre@dimen@temp@one=\dimen297
\gre@dimen@temp@two=\dimen298
\gre@dimen@temp@three=\dimen299
\gre@dimen@temp@four=\dimen300
\gre@dimen@temp@five=\dimen301
\gre@skip@temp@one=\skip340
\gre@skip@temp@two=\skip341
\gre@skip@temp@three=\skip342
\gre@skip@temp@four=\skip343
\gre@count@temp@one=\count335
\gre@count@temp@two=\count336
\gre@count@temp@three=\count337
\gre@space@count@newlinepenalty=\count338
\gre@space@count@nobreakpenalty=\count339
\gre@space@count@endofwordpenalty=\count340
\gre@space@count@endofsyllablepenalty=\count341
\gre@space@count@endafterbarpenalty=\count342
\gre@space@count@endafterbaraltpenalty=\count343
\gre@space@count@finalpenalty=\count344
\gre@space@count@endofelementpenalty=\count345
\gre@space@count@hyphenpenalty=\count346
\gre@space@count@brokenpenalty=\count347
\gre@space@count@looseness=\count348
\gre@space@count@tolerance=\count349
\gre@space@count@pretolerance=\count350
\gre@space@count@widowpenalty=\count351
\gre@space@count@clubpenalty=\count352
\greconffactor=\count353
)
\gre@box@temp@width=\box64
\gre@box@initial=\box65
\gre@biginitial=\count354
\gre@knownline=\count355
\gre@box@annotation=\box66
\gre@box@add=\box67
\gre@box@old=\box68
\gre@count@annotationvalign=\count356
\gre@box@commentary=\box69
\gre@box@lines=\box70
Module gregoriotex Info: Registering variant font greciliae as gre@font@variant@
A. on input line 987
Module gregoriotex Info: Registering variant font greciliae-hollow as gre@font@v
ariant@B. on input line 987
Module gregoriotex Info: Registering variant font greciliae-hole as gre@font@var
iant@C. on input line 987
luaotfload | cache : Lookup cache loaded from /home/dan/.texlive2019/texmf-var/l
uatex-cache/generic-dev/names/luaotfload-lookup-cache.luc.
Module gregoriotex Info: Mapping font greciliae on input line 992
Module gregoriotex Info: Mapping font greciliae-hollow on input line 992
Module gregoriotex Info: Mapping font greciliae-hole on input line 992

(/usr/local/share/texmf/tex/luatex/gregoriotex/gregoriotex-chars.tex
\gre@box@hep=\box71
)
(/usr/local/share/texmf/tex/luatex/gregoriotex/gregoriotex-signs.tex
\gre@box@temp@clef=\box72
\gre@box@temp@cleftwo=\box73
\greslurheight=\dimen302
\gre@box@temp@sign=\box74
\gre@count@shiftaftermora=\count357
\gre@dimen@morawidth=\dimen303
\gre@skip@bar@lastskip=\skip344
\gre@count@lastglyphiscavum=\count358
)
(/usr/local/share/texmf/tex/luatex/gregoriotex/gregoriotex-syllable.tex
\gre@generate@pointandclick=\count359
\gre@box@syllablenotes=\box75
\gre@box@syllabletext=\box76
\gre@clivisalignment=\count360
\gre@count@unbreakabletotalnotes=\count361
\gre@count@unbreakableinitialnotes=\count362
\gre@count@unbreakablefinalnotes=\count363
\gre@count@syllablenotes=\count364
)
\gre@variableheightexpansion=\count365
\gre@lastoflinecount=\count366
\gre@saved@prenlba@nobreakpenalty=\count367
\gre@saved@prenlba@endofwordpenalty=\count368
\gre@saved@prenlba@endofsyllablepenalty=\count369
\gre@saved@prenlba@endafterbarpenalty=\count370
\gre@saved@prenlba@endafterbaraltpenalty=\count371
\gre@saved@prenlba@endofelementpenalty=\count372
\gre@saved@prenlba@hyphenpenalty=\count373
\gre@lasteuouaeindex=\count374

(/usr/local/share/texmf/tex/luatex/gregoriotex/gregoriotex-symbols.tex
Module gregoriotex Info: Registering variant font greextra as gre@font@variant@D
. on input line 53
)
\gre@dimen@stafflinethicknessbase=\dimen304
\gre@dimen@glyphraisebase=\dimen305
\gre@dimen@interstafflinedistancebase=\dimen306
\gre@dimen@inclinatumonlinemoravshiftbase=\dimen307
\gre@dimen@inclinatumonlinemorahshiftbase=\dimen308
\gre@dimen@inclinatumofflinemorahshiftbase=\dimen309

(/usr/local/share/texmf/tex/luatex/gregoriotex/gregoriotex-gsp-default.tex)
(/usr/local/share/texmf/tex/luatex/gregoriotex/gregoriotex-nabc.tex)))

******************************************************
Stock height and width: 614.295pt by 397.48499pt
Top and edge trims: 0pt and 0pt
Page height and width: 614.295pt by 397.48499pt
Text height and width: 514pt by 307pt
Spine and edge margins: 37.64343pt and 52.69406pt
Upper and lower margins: 49.28589pt and 51.00911pt
Headheight and headsep: 12pt and 9.60004pt
Footskip: 24pt
Columnsep and columnseprule: 10pt and 0pt
Marginparsep and marginparwidth: 7pt and 38.69406pt
Sidecapsep and sidecapwidth: 7pt and 51pt
Sidebarhsep and sidebarwidth: 7pt and 51pt
Sidebarvsep and sidebartopsep: 12pt and 0pt
Sidebarheight: 368.39996pt
Sidefoothsep and sidefootwidth: 7pt and 51pt
Sidefootvsep and sidefootheight: 12pt and 368.39996pt
******************************************************

) (/usr/share/texlive/texmf-dist/tex/latex/tools/multicol.sty
Package: multicol 2019/12/09 v1.8y multicolumn formatting (FMi)
\c@tracingmulticols=\count375
\mult@box=\box77
\multicol@leftmargin=\dimen310
\c@unbalance=\count376
\c@collectmore=\count377
\doublecol@number=\count378
\multicoltolerance=\count379
\multicolpretolerance=\count380
\full@width=\dimen311
\page@free=\dimen312
\premulticols=\dimen313
\postmulticols=\dimen314
\multicolsep=\skip345
\multicolbaselineskip=\skip346
\partial@page=\box78
\last@line=\box79
\maxbalancingoverflow=\dimen315
\mult@rightbox=\box80
\mult@grightbox=\box81
\mult@gfirstbox=\box82
\mult@firstbox=\box83
\@tempa=\box84
\@tempa=\box85
\@tempa=\box86
\@tempa=\box87
\@tempa=\box88
\@tempa=\box89
\@tempa=\box90
\@tempa=\box91
\@tempa=\box92
\@tempa=\box93
\@tempa=\box94
\@tempa=\box95
\@tempa=\box96
\@tempa=\box97
\@tempa=\box98
\@tempa=\box99
\@tempa=\box100
\@tempa=\box101
\@tempa=\box102
\@tempa=\box103
\@tempa=\box104
\@tempa=\box105
\@tempa=\box106
\@tempa=\box107
\@tempa=\box108
\@tempa=\box109
\@tempa=\box110
\@tempa=\box111
\@tempa=\box112
\@tempa=\box113
\@tempa=\box114
\@tempa=\box115
\@tempa=\box116
\@tempa=\box117
\@tempa=\box118
\@tempa=\box119
\@tempa=\box120
\c@minrows=\count381
\c@columnbadness=\count382
\c@finalcolumnbadness=\count383
\last@try=\dimen316
\multicolovershoot=\dimen317
\multicolundershoot=\dimen318
\mult@nat@firstbox=\box121
\colbreak@box=\box122
\mc@col@check@num=\count384
)
(./in-oct-sacred-heart.aux

Package babel Warning: Unknown language `latin'. Very likely you
(babel)                requested it in a previous run. Expect some
(babel)                wrong results in this run, which should vanish
(babel)                in the next one. Reported on input line 8.

)
\openout1 = in-oct-sacred-heart.aux

LaTeX Font Info:    Checking defaults for OML/cmm/m/it on input line 4.
LaTeX Font Info:    ... okay on input line 4.
LaTeX Font Info:    Checking defaults for OMS/cmsy/m/n on input line 4.
LaTeX Font Info:    ... okay on input line 4.
LaTeX Font Info:    Checking defaults for OT1/cmr/m/n on input line 4.
LaTeX Font Info:    ... okay on input line 4.
LaTeX Font Info:    Checking defaults for T1/cmr/m/n on input line 4.
LaTeX Font Info:    ... okay on input line 4.
LaTeX Font Info:    Checking defaults for TS1/cmr/m/n on input line 4.
LaTeX Font Info:    Trying to load font information for TS1+cmr on input line 4.

 (/usr/share/texlive/texmf-dist/tex/latex/base/ts1cmr.fd
File: ts1cmr.fd 2019/12/16 v2.5j Standard LaTeX font definitions
)
LaTeX Font Info:    ... okay on input line 4.
LaTeX Font Info:    Checking defaults for TU/lmr/m/n on input line 4.
LaTeX Font Info:    ... okay on input line 4.
LaTeX Font Info:    Checking defaults for OMX/cmex/m/n on input line 4.
LaTeX Font Info:    ... okay on input line 4.
LaTeX Font Info:    Checking defaults for U/cmr/m/n on input line 4.
LaTeX Font Info:    ... okay on input line 4.
LaTeX Font Info:    Checking defaults for MDA/cmr/m/n on input line 4.
LaTeX Font Info:    Trying to load font information for MDA+cmr on input line 4.


(/usr/share/texlive/texmf-dist/tex/latex/mathdesign/mdacmr.fd
File: mdacmr.fd 
)
LaTeX Font Info:    ... okay on input line 4.
LaTeX Font Info:    Checking defaults for MDB/cmr/m/n on input line 4.
LaTeX Font Info:    Trying to load font information for MDB+cmr on input line 4.


(/usr/share/texlive/texmf-dist/tex/latex/mathdesign/mdbcmr.fd
File: mdbcmr.fd 
)
LaTeX Font Info:    ... okay on input line 4.
\AtBeginShipoutBox=\box123

(/usr/share/texlive/texmf-dist/tex/context/base/mkii/supp-pdf.mkii
[Loading MPS to PDF converter (version 2006.09.02).]
\scratchcounter=\count385
\scratchdimen=\dimen319
\scratchbox=\box124
\nofMPsegments=\count386
\nofMParguments=\count387
\everyMPshowfont=\toks34
\MPscratchCnt=\count388
\MPscratchDim=\dimen320
\MPnumerator=\count389
\makeMPintoPDFobject=\count390
\everyMPtoPDFconversion=\toks35
) (/usr/share/texlive/texmf-dist/tex/latex/epstopdf-pkg/epstopdf-base.sty
Package: epstopdf-base 2020-01-24 v2.11 Base part for package epstopdf
Package epstopdf-base Info: Redefining graphics rule for `.eps' on input line 48
5.

(/usr/share/texlive/texmf-dist/tex/latex/latexconfig/epstopdf-sys.cfg
File: epstopdf-sys.cfg 2010/07/13 v1.3 Configuration of (r)epstopdf for TeX Live

))
LaTeX Font Info:    Font shape `T1/mdbch/m/n' will be
(Font)              scaled to size 16.58891pt on input line 6.
LaTeX Font Info:    Font shape `T1/mdbch/m/fsc' will be
(Font)              scaled to size 16.58891pt on input line 6.
LaTeX Font Info:    Font shape `T1/mdbch/m/n' will be
(Font)              scaled to size 11.52008pt on input line 8.
LaTeX Font Info:    Font shape `T1/mdbch/b/n' will be
(Font)              scaled to size 11.52008pt on input line 8.
Package mdframed Info: mdframed works in twoside mode on input line 11.
LaTeX Font Info:    Font shape `T1/mdbch/b/n' will be
(Font)              scaled to size 9.60007pt on input line 12.
LaTeX Font Info:    Font shape `T1/mdbch/m/it' will be
(Font)              scaled to size 9.60007pt on input line 13.
Module gregoriotex Info: Looking in  on input line 19
Module gregoriotex Info: Found ../common/deus-in-adjutorium-solemn.gabc directly
 on input line 19
Module gregoriotex Info: Looking in  on input line 19
Module gregoriotex Info: Found ../common/deus-in-adjutorium-solemn-6_0_0.gtex di
rectly on input line 19

(../common/deus-in-adjutorium-solemn-6_0_0.gtex
Inserting `gregoriotex.post_linebreak' at position 1 in `post_linebreak_filter'.
Inserting `gregoriotex.disable_hyphenation' at position 1 in `hyphenate'.
LaTeX Font Info:    Font shape `T1/mdbch/m/n' will be
(Font)              scaled to size 7.68005pt on input line 15.
LaTeX Font Info:    Font shape `T1/mdbch/m/it' will be
(Font)              scaled to size 7.68005pt on input line 15.
LaTeX Font Info:    Font shape `T1/mdbch/m/n' will be
(Font)              scaled to size 38.40027pt on input line 15.
Removing  `gregoriotex.post_linebreak' from `post_linebreak_filter'.
Removing  `gregoriotex.disable_hyphenation' from `hyphenate'.) [1


{/var/lib/texmf/fonts/map/pdftex/updmap/pdftex.map}]
Package mdframed Info: mdframed works in twoside mode on input line 37.
Module gregoriotex Info: Looking in  on input line 44
Module gregoriotex Info: Found ps109-antiphon.gabc directly on input line 44
Module gregoriotex Info: Looking in  on input line 44
Module gregoriotex Info: Found ps109-antiphon-6_0_0.gtex directly on input line 
44
 (./ps109-antiphon-6_0_0.gtex
Inserting `gregoriotex.post_linebreak' at position 1 in `post_linebreak_filter'.
Inserting `gregoriotex.disable_hyphenation' at position 1 in `hyphenate'.
LaTeX Font Info:    Font shape `T1/mdbch/m/fsc' will be
(Font)              scaled to size 9.60007pt on input line 12.
LaTeX Font Info:    Font shape `T1/mdbch/b/fsc' will be
(Font)              scaled to size 9.60007pt on input line 12.
LaTeX Font Info:    Font shape `T1/mdbch/b/it' will be
(Font)              scaled to size 9.60007pt on input line 12.
Removing  `gregoriotex.post_linebreak' from `post_linebreak_filter'.
Removing  `gregoriotex.disable_hyphenation' from `hyphenate'.)
Module gregoriotex Info: Processing gabc snippet... on input line 47
Module gregoriotex Info: will use gregorio-6_0_0 on input line 47
Inserting `gregoriotex.post_linebreak' at position 1 in `post_linebreak_filter'.
Inserting `gregoriotex.disable_hyphenation' at position 1 in `hyphenate'.
Removing  `gregoriotex.post_linebreak' from `post_linebreak_filter'.
Removing  `gregoriotex.disable_hyphenation' from `hyphenate'.
Package babel Info: \l@latin = using hyphenrules for nil
(babel)             (\language6) on input line 57.

(/usr/share/texlive/texmf-dist/tex/generic/babel/locale/la/babel-latin.tex
Package babel Info: Importing basic data for latin
(babel)             from babel-la.ini. Reported on input line 9.
)
(../psalms/ps109-1.tex
Underfull \hbox (badness 2608) in paragraph at lines 4--6
[]\T1/mdbch/m/n/10 3. Virgam virtútis tuæ emíttet
 []


Overfull \hbox (1.76968pt too wide) in paragraph at lines 10--12
\T1/mdbch/m/n/10 bit \T1/mdbch/b/n/10 e\T1/mdbch/m/n/10 um: * Tu es sacérdos i
n ætérnum
 []


Underfull \hbox (badness 3758) in paragraph at lines 13--15
[]\T1/mdbch/m/n/10 6. Dóminus a \T1/mdbch/b/n/10 dex\T1/mdbch/m/n/10 tris \T1/
mdbch/b/n/10 tu\T1/mdbch/m/n/10 is, *
 []


Underfull \hbox (badness 2837) in paragraph at lines 16--18
\T1/mdbch/m/n/10 ru\T1/mdbch/b/n/10 í\T1/mdbch/m/n/10 nas: * conquassábit c
ápita in
 []


Underfull \hbox (badness 1776) in paragraph at lines 19--21
[]\T1/mdbch/m/n/10 8. De torrénte in \T1/mdbch/b/n/10 vi\T1/mdbch/m/n/10 a \T1
/mdbch/b/n/10 bi\T1/mdbch/m/n/10 bet: *
 []

)
LaTeX Font Info:    Font shape `T1/mdbch/m/it' will be
(Font)              scaled to size 8.64006pt on input line 57.
 (../psalms/english/ps109.tex
LaTeX Font Info:    Font shape `T1/mdbch/m/n' will be
(Font)              scaled to size 8.64006pt on input line 16.
 [2])
Package mdframed Info: mdframed works in twoside mode on input line 62.
Module gregoriotex Info: Looking in  on input line 73
Module gregoriotex Info: Found ps110-antiphon.gabc directly on input line 73
Module gregoriotex Info: Looking in  on input line 73
Module gregoriotex Info: Found ps110-antiphon-6_0_0.gtex directly on input line 
73
Module gregoriotex Info: ps110-antiphon.gabc has been modified and ps110-antipho
n-6_0_0.gtex needs to be updated. Recompiling the gabc file. on input line 73
Module gregoriotex Info: compiling the score ps110-antiphon.gabc... on input lin
e 73
 (./ps110-antiphon-6_0_0.gtex
Inserting `gregoriotex.post_linebreak' at position 1 in `post_linebreak_filter'.
Inserting `gregoriotex.disable_hyphenation' at position 1 in `hyphenate'.
Removing  `gregoriotex.post_linebreak' from `post_linebreak_filter'.
Removing  `gregoriotex.disable_hyphenation' from `hyphenate'.)
Module gregoriotex Info: Processing gabc snippet... on input line 77
Inserting `gregoriotex.post_linebreak' at position 1 in `post_linebreak_filter'.
Inserting `gregoriotex.disable_hyphenation' at position 1 in `hyphenate'.
Removing  `gregoriotex.post_linebreak' from `post_linebreak_filter'.
Removing  `gregoriotex.disable_hyphenation' from `hyphenate'. [3
Missing character: There is no † (U+2020) in font mdbchr8t!
]
(../psalms/ps110-4g.tex
Underfull \hbox (badness 1571) in paragraph at lines 3--4
\T1/mdbch/b/n/10 e\T1/mdbch/m/n/10 jus: * et justítia ejus manet in
 []


Underfull \hbox (badness 3439) in paragraph at lines 5--6
[]\T1/mdbch/m/n/10 4. Memóriam fecit mirabílium
 []


Underfull \hbox (badness 1668) in paragraph at lines 5--6
\T1/mdbch/m/n/10 suórum, † miséricors et mi\T1/mdbch/m/it/10 serátor
 []


Underfull \hbox (badness 3333) in paragraph at lines 7--8
\T1/mdbch/b/n/10 su\T1/mdbch/m/n/10 i: * virtútem óperum suórum
 []


Overfull \hbox (2.64644pt too wide) in paragraph at lines 9--10
[]\T1/mdbch/m/n/10 6. Ut det illis here\T1/mdbch/m/it/10 ditátem \T1/mdbch/b/n
/10 gén\T1/mdbch/m/n/10 tium: *
 []


Overfull \hbox (16.53838pt too wide) in paragraph at lines 9--10
\T1/mdbch/m/n/10 ópera mánuum ejus véritas, et ju\T1/mdbch/b/n/10 dí\T1/mdb
ch/m/n/10 cium. 
 []


Underfull \hbox (badness 2689) in paragraph at lines 13--14
[]\T1/mdbch/m/n/10 8. Redemptiónem misit \T1/mdbch/m/it/10 pópulo
 []


Overfull \hbox (23.4562pt too wide) in paragraph at lines 13--14
\T1/mdbch/b/n/10 su\T1/mdbch/m/n/10 o: * mandávit in ætérnum testaméntum
 []


Underfull \hbox (badness 1721) in paragraph at lines 15--16
[]\T1/mdbch/m/n/10 9. Sanctum, et terríbi\T1/mdbch/m/it/10 le nomen
 []


Overfull \hbox (12.04166pt too wide) in paragraph at lines 15--16
\T1/mdbch/b/n/10 e\T1/mdbch/m/n/10 jus: * inítium sapiéntiæ timor \T1/mdbch/
b/n/10 Dó\T1/mdbch/m/n/10 mini. 
 []


Underfull \hbox (badness 3428) in paragraph at lines 17--18
[]\T1/mdbch/m/n/10 10. Intelléctus bonus ómnibus
 []


Underfull \hbox (badness 2818) in paragraph at lines 17--18
\T1/mdbch/m/n/10 faci\T1/mdbch/m/it/10 éntibus \T1/mdbch/b/n/10 e\T1/mdbch/m/n
/10 um: * laudátio ejus
 []

) (../psalms/english/ps110.tex)
Package mdframed Info: mdframed works in twoside mode on input line 92.

Underfull \vbox (badness 10000) has occurred while \output is active []

 [4
Missing character: There is no ǽ (U+01FD) in font mdbchr8t!
Missing character: There is no ǽ (U+01FD) in font mdbchb8t!
Missing character: There is no † (U+2020) in font mdbchr8t!
Missing character: There is no ǽ (U+01FD) in font mdbchr8t!
Missing character: There is no † (U+2020) in font mdbchr8t!
Missing character: There is no ǽ (U+01FD) in font mdbchri8t!
Missing character: There is no ǽ (U+01FD) in font mdbchb8t!
Missing character: There is no ǽ (U+01FD) in font mdbchr8t!
Missing character: There is no ǽ (U+01FD) in font mdbchb8t!
Missing character: There is no ǽ (U+01FD) in font mdbchr8t!
]
Module gregoriotex Info: Looking in  on input line 105
Module gregoriotex Info: Found ps111-antiphon.gabc directly on input line 105
Module gregoriotex Info: Looking in  on input line 105
Module gregoriotex Info: Found ps111-antiphon-6_0_0.gtex directly on input line 
105

(./ps111-antiphon-6_0_0.gtex
Inserting `gregoriotex.post_linebreak' at position 1 in `post_linebreak_filter'.
Inserting `gregoriotex.disable_hyphenation' at position 1 in `hyphenate'.
Removing  `gregoriotex.post_linebreak' from `post_linebreak_filter'.
Removing  `gregoriotex.disable_hyphenation' from `hyphenate'.)
Module gregoriotex Info: Processing gabc snippet... on input line 109
Inserting `gregoriotex.post_linebreak' at position 1 in `post_linebreak_filter'.
Inserting `gregoriotex.disable_hyphenation' at position 1 in `hyphenate'.
Removing  `gregoriotex.post_linebreak' from `post_linebreak_filter'.
Removing  `gregoriotex.disable_hyphenation' from `hyphenate'. (../psalms/ps111-
1f.tex
Underfull \hbox (badness 2229) in paragraph at lines 3--4
\T1/mdbch/m/n/10 et justítia ejus manet in sǽ\T1/mdbch/m/it/10 culum
 []


Underfull \hbox (badness 1389) in paragraph at lines 11--12
[]\T1/mdbch/m/n/10 7. Parátum cor ejus speráre in
 []


Underfull \hbox (badness 1097) in paragraph at lines 13--14
[]\T1/mdbch/m/n/10 8. Dispérsit, dedit paupéribus: †
 []

) (../psalms/english/ps111.tex
Underfull \hbox (badness 1354) in paragraph at lines 7--8
[]\T1/mdbch/m/it/9 4. To the righteous a light is risen
 []


Underfull \hbox (badness 1596) in paragraph at lines 7--8
\T1/mdbch/m/it/9 up in darkness: he is merciful, and
 []


Underfull \hbox (badness 2384) in paragraph at lines 12--13
[]\T1/mdbch/m/it/9 6. The just shall be in everlasting
 []

[5
Missing character: There is no † (U+2020) in font mdbchr8t!
Missing character: There is no ǽ (U+01FD) in font mdbchr8t!
Missing character: There is no ǽ (U+01FD) in font mdbchb8t!
Missing character: There is no † (U+2020) in font mdbchr8t!
Missing character: There is no † (U+2020) in font mdbchr8t!
])
Package mdframed Info: mdframed works in twoside mode on input line 124.
Module gregoriotex Info: Looking in  on input line 135
Module gregoriotex Info: Found ps112-antiphon.gabc directly on input line 135
Module gregoriotex Info: Looking in  on input line 135
Module gregoriotex Info: Found ps112-antiphon-6_0_0.gtex directly on input line 
135
 (./ps112-antiphon-6_0_0.gtex
Inserting `gregoriotex.post_linebreak' at position 1 in `post_linebreak_filter'.
Inserting `gregoriotex.disable_hyphenation' at position 1 in `hyphenate'.
Removing  `gregoriotex.post_linebreak' from `post_linebreak_filter'.
Removing  `gregoriotex.disable_hyphenation' from `hyphenate'.)
Module gregoriotex Info: Processing gabc snippet... on input line 138
Inserting `gregoriotex.post_linebreak' at position 1 in `post_linebreak_filter'.
Inserting `gregoriotex.disable_hyphenation' at position 1 in `hyphenate'.
Removing  `gregoriotex.post_linebreak' from `post_linebreak_filter'.
Removing  `gregoriotex.disable_hyphenation' from `hyphenate'. [6
Missing character: There is no † (U+2020) in font mdbchr8t!
Missing character: There is no ǽ (U+01FD) in font mdbchri8t!
Missing character: There is no ǽ (U+01FD) in font mdbchb8t!
Missing character: There is no † (U+2020) in font mdbchr8t!
Missing character: There is no ǽ (U+01FD) in font mdbchr8t!
] (../psalms/ps112-3a2.tex
Overfull \hbox (6.16968pt too wide) in paragraph at lines 11--12
[]\T1/mdbch/m/n/10 7. Ut cóllocet eum \T1/mdbch/b/n/10 cum \T1/mdbch/m/n/10 pr
in\T1/mdbch/b/n/10 cípi\T1/mdbch/m/n/10 bus, *
 []

) (../psalms/english/ps112.tex
Underfull \hbox (badness 1460) in paragraph at lines 9--10
[]\T1/mdbch/m/it/9 5.Who is as the Lord our God, who
 []


Underfull \hbox (badness 2799) in paragraph at lines 11--12
[]\T1/mdbch/m/it/9 6. Raising up the needy from the
 []

)
Package mdframed Info: mdframed works in twoside mode on input line 153.
Module gregoriotex Info: Looking in  on input line 164
Module gregoriotex Info: Found ps116-antiphon.gabc directly on input line 164
Module gregoriotex Info: Looking in  on input line 164
Module gregoriotex Info: Found ps116-antiphon-6_0_0.gtex directly on input line 
164
 (./ps116-antiphon-6_0_0.gtex
Inserting `gregoriotex.post_linebreak' at position 1 in `post_linebreak_filter'.
Inserting `gregoriotex.disable_hyphenation' at position 1 in `hyphenate'.
Removing  `gregoriotex.post_linebreak' from `post_linebreak_filter'.
Removing  `gregoriotex.disable_hyphenation' from `hyphenate'.)
Module gregoriotex Info: Processing gabc snippet... on input line 167
Inserting `gregoriotex.post_linebreak' at position 1 in `post_linebreak_filter'.
Inserting `gregoriotex.disable_hyphenation' at position 1 in `hyphenate'. [7
Missing character: There is no ǽ (U+01FD) in font mdbchb8t!
Missing character: There is no ǽ (U+01FD) in font mdbchr8t!
]
Removing  `gregoriotex.post_linebreak' from `post_linebreak_filter'.
Removing  `gregoriotex.disable_hyphenation' from `hyphenate'. (../psalms/ps116-
3a2.tex)
(../psalms/english/ps116.tex)
Package mdframed Info: mdframed works in twoside mode on input line 182.

Underfull \hbox (badness 2495) in paragraph at lines 198--198
\T1/mdbch/m/n/10 de longe: \gre@font@variant@D  \T1/mdbch/m/n/10 Dóminus ab
 úte\T1/mdbch/m/it/10 ro
 []


Underfull \vbox (badness 10000) has occurred while \output is active []

 [8
Missing character: There is no ǽ (U+01FD) in font mdbchr8t!
]
Module gregoriotex Info: Looking in  on input line 207
Module gregoriotex Info: Found ../hymns/ut_queant_laxis--solesmes.gabc directly 
on input line 207
Module gregoriotex Info: Looking in  on input line 207
Module gregoriotex Info: Found ../hymns/ut_queant_laxis--solesmes-6_0_0.gtex dir
ectly on input line 207

(../hymns/ut_queant_laxis--solesmes-6_0_0.gtex
Inserting `gregoriotex.post_linebreak' at position 1 in `post_linebreak_filter'.
Inserting `gregoriotex.disable_hyphenation' at position 1 in `hyphenate'. [9]
Removing  `gregoriotex.post_linebreak' from `post_linebreak_filter'.
Removing  `gregoriotex.disable_hyphenation' from `hyphenate'.)
Module gregoriotex Info: Processing gabc snippet... on input line 235
Inserting `gregoriotex.post_linebreak' at position 1 in `post_linebreak_filter'.
Inserting `gregoriotex.disable_hyphenation' at position 1 in `hyphenate'.
Removing  `gregoriotex.post_linebreak' from `post_linebreak_filter'.
Removing  `gregoriotex.disable_hyphenation' from `hyphenate'.
Module gregoriotex Info: Processing gabc snippet... on input line 240
Inserting `gregoriotex.post_linebreak' at position 1 in `post_linebreak_filter'.
Inserting `gregoriotex.disable_hyphenation' at position 1 in `hyphenate'.
Removing  `gregoriotex.post_linebreak' from `post_linebreak_filter'.
Removing  `gregoriotex.disable_hyphenation' from `hyphenate'.
Underfull \vbox (badness 10000) has occurred while \output is active []

 [10
Missing character: There is no ǽ (U+01FD) in font mdbchr8t!
Missing character: There is no ǽ (U+01FD) in font mdbchr8t!
]
Package mdframed Info: mdframed works in twoside mode on input line 254.
Module gregoriotex Info: Looking in  on input line 260
Module gregoriotex Info: Found magnificat-antiphon.gabc directly on input line 2
60
Module gregoriotex Info: Looking in  on input line 260
Module gregoriotex Info: Found magnificat-antiphon-6_0_0.gtex directly on input 
line 260

(./magnificat-antiphon-6_0_0.gtex
Inserting `gregoriotex.post_linebreak' at position 1 in `post_linebreak_filter'.
Inserting `gregoriotex.disable_hyphenation' at position 1 in `hyphenate'.
Removing  `gregoriotex.post_linebreak' from `post_linebreak_filter'.
Removing  `gregoriotex.disable_hyphenation' from `hyphenate'.)
Package mdframed Info: mdframed works in twoside mode on input line 263.
Module gregoriotex Info: Looking in  on input line 269
Module gregoriotex Info: Found magnificat-intonation.gabc directly on input line
 269
Module gregoriotex Info: Looking in  on input line 269
Module gregoriotex Info: Found magnificat-intonation-6_0_0.gtex directly on inpu
t line 269
 (./magnificat-intonation-6_0_0.gtex
Inserting `gregoriotex.post_linebreak' at position 1 in `post_linebreak_filter'.
Inserting `gregoriotex.disable_hyphenation' at position 1 in `hyphenate'.
Removing  `gregoriotex.post_linebreak' from `post_linebreak_filter'.
Removing  `gregoriotex.disable_hyphenation' from `hyphenate'.)
(../psalms/magnificat-7.tex
Overfull \hbox (2.68481pt too wide) in paragraph at lines 1--3
[]\T1/mdbch/m/n/10 3. Quia respéxit humilitátem an\T1/mdbch/b/n/10 cíl\T1/md
bch/m/n/10 læ
 []


Underfull \hbox (badness 1173) in paragraph at lines 22--24
[]\T1/mdbch/m/n/10 10. Sicut locútus est ad \T1/mdbch/b/n/10 pa\T1/mdbch/m/n/1
0 tres
 []

)
Underfull \hbox (badness 2103) in paragraph at lines 28--278
[]\T1/mdbch/m/it/10 (rise) \T1/mdbch/m/n/10 Sicut erat in princípio, et
 []

(../psalms/english/magnificat.tex
Overfull \hbox (8.61629pt too wide) in paragraph at lines 5--6
\T1/mdbch/m/it/9 of his handmaid; for behold from henceforth
 []

[11]
Underfull \hbox (badness 1478) in paragraph at lines 19--20
[]\T1/mdbch/m/it/9 10. As he spoke to our fathers, to
 []

)
Package mdframed Info: mdframed works in twoside mode on input line 283.

Overfull \hbox (4.48386pt too wide) in paragraph at lines 309--309
[]\T1/mdbch/m/n/10 Orémus. Sancti nóminis tui, Dómine,
 []


Overfull \hbox (15.8721pt too wide) in paragraph at lines 309--309
\T1/mdbch/m/n/10 Per Dóminum nostrum Jesum Christum,
 []


Underfull \hbox (badness 1237) in paragraph at lines 309--309
\T1/mdbch/m/n/10 regnat in unitáte Spíritus Sancti,
 []


Underfull \vbox (badness 10000) has occurred while \output is active []

 [12
Missing character: There is no ǽ (U+01FD) in font mdbchr8t!
]
Module gregoriotex Info: Looking in  on input line 318
Module gregoriotex Info: Found ../commemorations/many-martyrs-1v.gabc directly o
n input line 318
Module gregoriotex Info: Looking in  on input line 318
Module gregoriotex Info: Found ../commemorations/many-martyrs-1v-6_0_0.gtex dire
ctly on input line 318

(../commemorations/many-martyrs-1v-6_0_0.gtex
Inserting `gregoriotex.post_linebreak' at position 1 in `post_linebreak_filter'.
Inserting `gregoriotex.disable_hyphenation' at position 1 in `hyphenate'.
Removing  `gregoriotex.post_linebreak' from `post_linebreak_filter'.
Removing  `gregoriotex.disable_hyphenation' from `hyphenate'.)
Underfull \hbox (badness 2134) in paragraph at lines 336--336
[]\T1/mdbch/m/n/10 Orémus. Quǽsumus, omnípotens
 []


Overfull \hbox (13.39528pt too wide) in paragraph at lines 336--336
\T1/mdbch/m/n/10 Deus: ut nos gemináta lætítia hodiérnæ
 []


Overfull \hbox (4.87422pt too wide) in paragraph at lines 336--336
\T1/mdbch/m/n/10 festivitátis excípiat, quæ de beatórum
 []


Overfull \hbox (11.54243pt too wide) in paragraph at lines 336--336
\T1/mdbch/m/n/10 Joánnis et Pauli glorificatióne procédit;
 []


Underfull \hbox (badness 1552) in paragraph at lines 336--336
\T1/mdbch/m/n/10 quos éadem fides et pássio vere
 []


Underfull \hbox (badness 1728) in paragraph at lines 336--336
\T1/mdbch/m/n/10 nostrum Jesum Christum, Fílium
 []


Underfull \hbox (badness 1163) in paragraph at lines 336--337
\T1/mdbch/m/it/9 suffering made to be brothers indeed.
 []


Underfull \vbox (badness 10000) has occurred while \output is active []

 [13
Missing character: There is no ǽ (U+01FD) in font mdbchr8t!
Missing character: There is no ǽ (U+01FD) in font mdbchr8t!
]
Module gregoriotex Info: Looking in  on input line 347
Module gregoriotex Info: Found ../commemorations/an--cognoverunt_omnes--solesmes
.gabc directly on input line 347
Module gregoriotex Info: Looking in  on input line 347
Module gregoriotex Info: Found ../commemorations/an--cognoverunt_omnes--solesmes
-6_0_0.gtex directly on input line 347

(../commemorations/an--cognoverunt_omnes--solesmes-6_0_0.gtex
Inserting `gregoriotex.post_linebreak' at position 1 in `post_linebreak_filter'.
Inserting `gregoriotex.disable_hyphenation' at position 1 in `hyphenate'.
Removing  `gregoriotex.post_linebreak' from `post_linebreak_filter'.
Removing  `gregoriotex.disable_hyphenation' from `hyphenate'.)
Overfull \hbox (6.56006pt too wide) in paragraph at lines 362--362
[][][]\T1/mdbch/m/n/10 V. Memóriam fecit mirabílium suórum
 []


Overfull \hbox (7.40872pt too wide) in paragraph at lines 362--362
\T1/mdbch/m/n/10 temporália, ut non amittámus ætérna.
 []


Underfull \hbox (badness 2221) in paragraph at lines 362--363
\T1/mdbch/m/it/9 all them that trust in thee, without
 []


Underfull \hbox (badness 3679) in paragraph at lines 362--363
\T1/mdbch/m/it/9 whom nothing is strong, nothing is
 []


Underfull \vbox (badness 10000) has occurred while \output is active []

 [14]
Module gregoriotex Info: Looking in  on input line 368
Module gregoriotex Info: Found ../common/benedicamus-1v-solem.gabc directly on i
nput line 368
Module gregoriotex Info: Looking in  on input line 368
Module gregoriotex Info: Found ../common/benedicamus-1v-solem-6_0_0.gtex directl
y on input line 368

(../common/benedicamus-1v-solem-6_0_0.gtex
Inserting `gregoriotex.post_linebreak' at position 1 in `post_linebreak_filter'.
Inserting `gregoriotex.disable_hyphenation' at position 1 in `hyphenate'.
Removing  `gregoriotex.post_linebreak' from `post_linebreak_filter'.
Removing  `gregoriotex.disable_hyphenation' from `hyphenate'.)
Overfull \hbox (6.54468pt too wide) in paragraph at lines 377--377
[][][]\T1/mdbch/m/n/10 V. Fidélium ánimæ, per misericórdiam
 []

Package mdframed Info: mdframed works in twoside mode on input line 395.
Package mdframed Info: mdframed works in twoside mode on input line 412.
[15] (./in-oct-sacred-heart.aux)

LaTeX Font Warning: Some font shapes were not available, defaults substituted.


LaTeX Warning: Label(s) may have changed. Rerun to get cross-references right.

)

Here is how much of LuaTeX's memory you used:
 29437 strings out of 481365
 156258,794899 words of node,token memory allocated
 2393 words of node memory still in use:
   15 hlist, 3 vlist, 9 rule, 1 local_par, 11 glue, 13 kern, 6 penalty, 8 glyph,
 144 attribute, 304 glue_spec, 22 attribute_list, 2 write, 1 user_defined nodes
   avail lists: 1:5,2:28883,3:2267,4:52,5:3455,6:213,7:3745,8:2,9:4277,10:49,11:
5
 45820 multiletter control sequences out of 65536+600000
 75 fonts using 9219371 bytes
 51i,12n,64p,867b,5497s stack positions out of 5000i,500n,10000p,200000b,100000s
Module gregoriotex Info: Writing in-oct-sacred-heart.gaux on input line 0
Module gregoriotex Warning: Line heights or variable brace lengths may have chan
ged. Rerun to fix. on input line 0
</usr/local/share/texmf/fonts/truetype/public/gregoriotex/greextra.ttf></usr/loc
al/share/texmf/fonts/truetype/public/gregoriotex/greciliae.ttf>{/usr/share/texli
ve/texmf-dist/fonts/enc/dvips/ly1/texnansi.enc}</usr/share/texlive/texmf-dist/fo
nts/type1/bitstrea/charter/bchb8a.pfb></usr/share/texlive/texmf-dist/fonts/type1
/bitstrea/charter/bchr8a.pfb></usr/share/texlive/texmf-dist/fonts/type1/bitstrea
/charter/bchri8a.pfb>
Output written on in-oct-sacred-heart.pdf (15 pages, 108430 bytes).

PDF statistics: 79 PDF objects out of 1000 (max. 8388607)
 52 compressed objects within 1 object stream
 0 named destinations out of 1000 (max. 131072)
 1 words of extra memory for PDF output out of 10000 (max. 100000000)

